{"C:\\Users\\Rikhi\\Desktop\\Lektur-apps\\be_lektur\\app.js": {"path":"C:\\Users\\Rikhi\\Desktop\\Lektur-apps\\be_lektur\\app.js","statementMap":{"0":{"start":{"line":1,"column":0},"end":{"line":1,"column":27}},"1":{"start":{"line":2,"column":16},"end":{"line":2,"column":34}},"2":{"start":{"line":3,"column":12},"end":{"line":3,"column":21}},"3":{"start":{"line":5,"column":0},"end":{"line":5,"column":26}},"4":{"start":{"line":7,"column":0},"end":{"line":7,"column":21}}},"fnMap":{},"branchMap":{},"s":{"0":4,"1":4,"2":4,"3":4,"4":4},"f":{},"b":{},"_coverageSchema":"1a1c01bbd47fc00a2c39e90264f33305004495a9","hash":"59284fa8e061c8c6d18e38bff3de5128215abaae"}
,"C:\\Users\\Rikhi\\Desktop\\Lektur-apps\\be_lektur\\config\\cloudinary.js": {"path":"C:\\Users\\Rikhi\\Desktop\\Lektur-apps\\be_lektur\\config\\cloudinary.js","statementMap":{"0":{"start":{"line":1,"column":19},"end":{"line":1,"column":43}},"1":{"start":{"line":3,"column":0},"end":{"line":7,"column":3}},"2":{"start":{"line":9,"column":0},"end":{"line":9,"column":28}}},"fnMap":{},"branchMap":{},"s":{"0":4,"1":4,"2":4},"f":{},"b":{},"_coverageSchema":"1a1c01bbd47fc00a2c39e90264f33305004495a9","hash":"80ea22d1a0227d7289f9b05ffc1cfe8db385c548"}
,"C:\\Users\\Rikhi\\Desktop\\Lektur-apps\\be_lektur\\controllers\\assessmentController.js": {"path":"C:\\Users\\Rikhi\\Desktop\\Lektur-apps\\be_lektur\\controllers\\assessmentController.js","statementMap":{"0":{"start":{"line":1,"column":41},"end":{"line":1,"column":61}},"1":{"start":{"line":2,"column":21},"end":{"line":2,"column":53}},"2":{"start":{"line":3,"column":12},"end":{"line":3,"column":26}},"3":{"start":{"line":5,"column":29},"end":{"line":203,"column":1}},"4":{"start":{"line":7,"column":46},"end":{"line":7,"column":55}},"5":{"start":{"line":8,"column":17},"end":{"line":8,"column":25}},"6":{"start":{"line":9,"column":4},"end":{"line":61,"column":5}},"7":{"start":{"line":10,"column":21},"end":{"line":12,"column":8}},"8":{"start":{"line":13,"column":24},"end":{"line":15,"column":8}},"9":{"start":{"line":16,"column":6},"end":{"line":16,"column":33}},"10":{"start":{"line":17,"column":6},"end":{"line":23,"column":7}},"11":{"start":{"line":18,"column":8},"end":{"line":22,"column":11}},"12":{"start":{"line":24,"column":28},"end":{"line":26,"column":8}},"13":{"start":{"line":28,"column":6},"end":{"line":34,"column":7}},"14":{"start":{"line":29,"column":8},"end":{"line":33,"column":11}},"15":{"start":{"line":36,"column":6},"end":{"line":50,"column":9}},"16":{"start":{"line":37,"column":8},"end":{"line":41,"column":10}},"17":{"start":{"line":43,"column":8},"end":{"line":49,"column":9}},"18":{"start":{"line":44,"column":10},"end":{"line":48,"column":12}},"19":{"start":{"line":52,"column":6},"end":{"line":56,"column":9}},"20":{"start":{"line":59,"column":6},"end":{"line":59,"column":25}},"21":{"start":{"line":60,"column":6},"end":{"line":60,"column":31}},"22":{"start":{"line":95,"column":27},"end":{"line":95,"column":36}},"23":{"start":{"line":96,"column":4},"end":{"line":132,"column":5}},"24":{"start":{"line":97,"column":28},"end":{"line":114,"column":8}},"25":{"start":{"line":116,"column":6},"end":{"line":122,"column":7}},"26":{"start":{"line":117,"column":8},"end":{"line":121,"column":11}},"27":{"start":{"line":124,"column":6},"end":{"line":128,"column":9}},"28":{"start":{"line":131,"column":6},"end":{"line":131,"column":31}},"29":{"start":{"line":180,"column":28},"end":{"line":180,"column":38}},"30":{"start":{"line":181,"column":4},"end":{"line":201,"column":5}},"31":{"start":{"line":182,"column":31},"end":{"line":184,"column":8}},"32":{"start":{"line":185,"column":6},"end":{"line":191,"column":7}},"33":{"start":{"line":186,"column":8},"end":{"line":190,"column":11}},"34":{"start":{"line":193,"column":6},"end":{"line":197,"column":9}},"35":{"start":{"line":200,"column":6},"end":{"line":200,"column":31}},"36":{"start":{"line":205,"column":0},"end":{"line":205,"column":38}}},"fnMap":{"0":{"name":"(anonymous_0)","decl":{"start":{"line":6,"column":20},"end":{"line":6,"column":21}},"loc":{"start":{"line":6,"column":40},"end":{"line":62,"column":3}},"line":6},"1":{"name":"(anonymous_1)","decl":{"start":{"line":94,"column":17},"end":{"line":94,"column":18}},"loc":{"start":{"line":94,"column":37},"end":{"line":133,"column":3}},"line":94},"2":{"name":"(anonymous_2)","decl":{"start":{"line":179,"column":20},"end":{"line":179,"column":21}},"loc":{"start":{"line":179,"column":40},"end":{"line":202,"column":3}},"line":179}},"branchMap":{"0":{"loc":{"start":{"line":17,"column":6},"end":{"line":23,"column":7}},"type":"if","locations":[{"start":{"line":17,"column":6},"end":{"line":23,"column":7}},{"start":{},"end":{}}],"line":17},"1":{"loc":{"start":{"line":28,"column":6},"end":{"line":34,"column":7}},"type":"if","locations":[{"start":{"line":28,"column":6},"end":{"line":34,"column":7}},{"start":{},"end":{}}],"line":28},"2":{"loc":{"start":{"line":116,"column":6},"end":{"line":122,"column":7}},"type":"if","locations":[{"start":{"line":116,"column":6},"end":{"line":122,"column":7}},{"start":{},"end":{}}],"line":116},"3":{"loc":{"start":{"line":185,"column":6},"end":{"line":191,"column":7}},"type":"if","locations":[{"start":{"line":185,"column":6},"end":{"line":191,"column":7}},{"start":{},"end":{}}],"line":185}},"s":{"0":4,"1":4,"2":4,"3":4,"4":0,"5":0,"6":0,"7":0,"8":0,"9":0,"10":0,"11":0,"12":0,"13":0,"14":0,"15":0,"16":0,"17":0,"18":0,"19":0,"20":0,"21":0,"22":0,"23":0,"24":0,"25":0,"26":0,"27":0,"28":0,"29":0,"30":0,"31":0,"32":0,"33":0,"34":0,"35":0,"36":4},"f":{"0":0,"1":0,"2":0},"b":{"0":[0,0],"1":[0,0],"2":[0,0],"3":[0,0]},"_coverageSchema":"1a1c01bbd47fc00a2c39e90264f33305004495a9","hash":"22d86982be64b38d5dbe55edaeae12afffa7caf1"}
,"C:\\Users\\Rikhi\\Desktop\\Lektur-apps\\be_lektur\\controllers\\contentController.js": {"path":"C:\\Users\\Rikhi\\Desktop\\Lektur-apps\\be_lektur\\controllers\\contentController.js","statementMap":{"0":{"start":{"line":1,"column":12},"end":{"line":1,"column":26}},"1":{"start":{"line":2,"column":38},"end":{"line":2,"column":58}},"2":{"start":{"line":3,"column":21},"end":{"line":3,"column":53}},"3":{"start":{"line":5,"column":0},"end":{"line":213,"column":2}},"4":{"start":{"line":7,"column":17},"end":{"line":7,"column":25}},"5":{"start":{"line":8,"column":17},"end":{"line":8,"column":25}},"6":{"start":{"line":9,"column":25},"end":{"line":9,"column":34}},"7":{"start":{"line":10,"column":4},"end":{"line":60,"column":5}},"8":{"start":{"line":11,"column":21},"end":{"line":16,"column":8}},"9":{"start":{"line":17,"column":24},"end":{"line":21,"column":8}},"10":{"start":{"line":22,"column":6},"end":{"line":28,"column":7}},"11":{"start":{"line":23,"column":8},"end":{"line":27,"column":11}},"12":{"start":{"line":29,"column":20},"end":{"line":33,"column":8}},"13":{"start":{"line":34,"column":6},"end":{"line":40,"column":7}},"14":{"start":{"line":35,"column":8},"end":{"line":39,"column":11}},"15":{"start":{"line":41,"column":22},"end":{"line":45,"column":8}},"16":{"start":{"line":46,"column":6},"end":{"line":52,"column":7}},"17":{"start":{"line":47,"column":8},"end":{"line":51,"column":11}},"18":{"start":{"line":53,"column":6},"end":{"line":57,"column":9}},"19":{"start":{"line":59,"column":6},"end":{"line":59,"column":31}},"20":{"start":{"line":63,"column":4},"end":{"line":93,"column":5}},"21":{"start":{"line":64,"column":23},"end":{"line":78,"column":8}},"22":{"start":{"line":79,"column":6},"end":{"line":85,"column":7}},"23":{"start":{"line":80,"column":8},"end":{"line":84,"column":11}},"24":{"start":{"line":86,"column":6},"end":{"line":90,"column":9}},"25":{"start":{"line":92,"column":6},"end":{"line":92,"column":31}},"26":{"start":{"line":96,"column":26},"end":{"line":96,"column":35}},"27":{"start":{"line":97,"column":4},"end":{"line":127,"column":5}},"28":{"start":{"line":98,"column":22},"end":{"line":112,"column":8}},"29":{"start":{"line":113,"column":6},"end":{"line":119,"column":7}},"30":{"start":{"line":114,"column":8},"end":{"line":118,"column":11}},"31":{"start":{"line":120,"column":6},"end":{"line":124,"column":9}},"32":{"start":{"line":126,"column":6},"end":{"line":126,"column":31}},"33":{"start":{"line":130,"column":26},"end":{"line":130,"column":35}},"34":{"start":{"line":131,"column":17},"end":{"line":131,"column":25}},"35":{"start":{"line":132,"column":17},"end":{"line":132,"column":25}},"36":{"start":{"line":133,"column":4},"end":{"line":187,"column":5}},"37":{"start":{"line":134,"column":21},"end":{"line":139,"column":8}},"38":{"start":{"line":140,"column":24},"end":{"line":140,"column":45}},"39":{"start":{"line":141,"column":6},"end":{"line":147,"column":7}},"40":{"start":{"line":142,"column":8},"end":{"line":146,"column":11}},"41":{"start":{"line":149,"column":6},"end":{"line":167,"column":7}},"42":{"start":{"line":150,"column":8},"end":{"line":157,"column":10}},"43":{"start":{"line":159,"column":8},"end":{"line":166,"column":10}},"44":{"start":{"line":168,"column":6},"end":{"line":174,"column":7}},"45":{"start":{"line":169,"column":8},"end":{"line":173,"column":11}},"46":{"start":{"line":175,"column":22},"end":{"line":179,"column":8}},"47":{"start":{"line":180,"column":6},"end":{"line":184,"column":9}},"48":{"start":{"line":186,"column":6},"end":{"line":186,"column":31}},"49":{"start":{"line":190,"column":26},"end":{"line":190,"column":35}},"50":{"start":{"line":191,"column":4},"end":{"line":211,"column":5}},"51":{"start":{"line":192,"column":22},"end":{"line":196,"column":8}},"52":{"start":{"line":197,"column":6},"end":{"line":203,"column":7}},"53":{"start":{"line":198,"column":8},"end":{"line":202,"column":11}},"54":{"start":{"line":204,"column":6},"end":{"line":208,"column":9}},"55":{"start":{"line":210,"column":6},"end":{"line":210,"column":31}}},"fnMap":{"0":{"name":"(anonymous_0)","decl":{"start":{"line":6,"column":17},"end":{"line":6,"column":18}},"loc":{"start":{"line":6,"column":37},"end":{"line":61,"column":3}},"line":6},"1":{"name":"(anonymous_1)","decl":{"start":{"line":62,"column":15},"end":{"line":62,"column":16}},"loc":{"start":{"line":62,"column":35},"end":{"line":94,"column":3}},"line":62},"2":{"name":"(anonymous_2)","decl":{"start":{"line":95,"column":14},"end":{"line":95,"column":15}},"loc":{"start":{"line":95,"column":34},"end":{"line":128,"column":3}},"line":95},"3":{"name":"(anonymous_3)","decl":{"start":{"line":129,"column":17},"end":{"line":129,"column":18}},"loc":{"start":{"line":129,"column":37},"end":{"line":188,"column":3}},"line":129},"4":{"name":"(anonymous_4)","decl":{"start":{"line":189,"column":17},"end":{"line":189,"column":18}},"loc":{"start":{"line":189,"column":37},"end":{"line":212,"column":3}},"line":189}},"branchMap":{"0":{"loc":{"start":{"line":22,"column":6},"end":{"line":28,"column":7}},"type":"if","locations":[{"start":{"line":22,"column":6},"end":{"line":28,"column":7}},{"start":{},"end":{}}],"line":22},"1":{"loc":{"start":{"line":34,"column":6},"end":{"line":40,"column":7}},"type":"if","locations":[{"start":{"line":34,"column":6},"end":{"line":40,"column":7}},{"start":{},"end":{}}],"line":34},"2":{"loc":{"start":{"line":46,"column":6},"end":{"line":52,"column":7}},"type":"if","locations":[{"start":{"line":46,"column":6},"end":{"line":52,"column":7}},{"start":{},"end":{}}],"line":46},"3":{"loc":{"start":{"line":79,"column":6},"end":{"line":85,"column":7}},"type":"if","locations":[{"start":{"line":79,"column":6},"end":{"line":85,"column":7}},{"start":{},"end":{}}],"line":79},"4":{"loc":{"start":{"line":113,"column":6},"end":{"line":119,"column":7}},"type":"if","locations":[{"start":{"line":113,"column":6},"end":{"line":119,"column":7}},{"start":{},"end":{}}],"line":113},"5":{"loc":{"start":{"line":141,"column":6},"end":{"line":147,"column":7}},"type":"if","locations":[{"start":{"line":141,"column":6},"end":{"line":147,"column":7}},{"start":{},"end":{}}],"line":141},"6":{"loc":{"start":{"line":149,"column":6},"end":{"line":167,"column":7}},"type":"if","locations":[{"start":{"line":149,"column":6},"end":{"line":167,"column":7}},{"start":{"line":158,"column":13},"end":{"line":167,"column":7}}],"line":149},"7":{"loc":{"start":{"line":168,"column":6},"end":{"line":174,"column":7}},"type":"if","locations":[{"start":{"line":168,"column":6},"end":{"line":174,"column":7}},{"start":{},"end":{}}],"line":168},"8":{"loc":{"start":{"line":197,"column":6},"end":{"line":203,"column":7}},"type":"if","locations":[{"start":{"line":197,"column":6},"end":{"line":203,"column":7}},{"start":{},"end":{}}],"line":197}},"s":{"0":4,"1":4,"2":4,"3":4,"4":1,"5":1,"6":1,"7":1,"8":1,"9":1,"10":1,"11":0,"12":1,"13":1,"14":0,"15":1,"16":1,"17":0,"18":1,"19":0,"20":1,"21":1,"22":1,"23":0,"24":1,"25":0,"26":1,"27":1,"28":1,"29":1,"30":1,"31":0,"32":0,"33":1,"34":1,"35":1,"36":1,"37":1,"38":1,"39":1,"40":0,"41":1,"42":1,"43":0,"44":0,"45":0,"46":0,"47":0,"48":1,"49":1,"50":1,"51":1,"52":0,"53":0,"54":0,"55":1},"f":{"0":1,"1":1,"2":1,"3":1,"4":1},"b":{"0":[0,1],"1":[0,1],"2":[0,1],"3":[0,1],"4":[1,0],"5":[0,1],"6":[1,0],"7":[0,0],"8":[0,0]},"_coverageSchema":"1a1c01bbd47fc00a2c39e90264f33305004495a9","hash":"04621f099e3d4d759bf51d4769c02dde92aa2fd3"}
,"C:\\Users\\Rikhi\\Desktop\\Lektur-apps\\be_lektur\\controllers\\courseController.js": {"path":"C:\\Users\\Rikhi\\Desktop\\Lektur-apps\\be_lektur\\controllers\\courseController.js","statementMap":{"0":{"start":{"line":1,"column":12},"end":{"line":1,"column":26}},"1":{"start":{"line":9,"column":4},"end":{"line":9,"column":24}},"2":{"start":{"line":10,"column":21},"end":{"line":10,"column":53}},"3":{"start":{"line":11,"column":15},"end":{"line":11,"column":35}},"4":{"start":{"line":13,"column":25},"end":{"line":361,"column":1}},"5":{"start":{"line":15,"column":17},"end":{"line":15,"column":25}},"6":{"start":{"line":16,"column":17},"end":{"line":16,"column":25}},"7":{"start":{"line":17,"column":4},"end":{"line":60,"column":5}},"8":{"start":{"line":18,"column":21},"end":{"line":24,"column":8}},"9":{"start":{"line":26,"column":24},"end":{"line":30,"column":8}},"10":{"start":{"line":32,"column":6},"end":{"line":38,"column":7}},"11":{"start":{"line":33,"column":8},"end":{"line":37,"column":11}},"12":{"start":{"line":40,"column":21},"end":{"line":44,"column":8}},"13":{"start":{"line":45,"column":6},"end":{"line":51,"column":7}},"14":{"start":{"line":46,"column":8},"end":{"line":50,"column":11}},"15":{"start":{"line":53,"column":6},"end":{"line":57,"column":9}},"16":{"start":{"line":59,"column":6},"end":{"line":59,"column":31}},"17":{"start":{"line":63,"column":45},"end":{"line":63,"column":54}},"18":{"start":{"line":64,"column":4},"end":{"line":218,"column":5}},"19":{"start":{"line":66,"column":6},"end":{"line":72,"column":7}},"20":{"start":{"line":67,"column":8},"end":{"line":71,"column":10}},"21":{"start":{"line":75,"column":6},"end":{"line":81,"column":7}},"22":{"start":{"line":76,"column":8},"end":{"line":80,"column":10}},"23":{"start":{"line":84,"column":6},"end":{"line":92,"column":7}},"24":{"start":{"line":85,"column":8},"end":{"line":89,"column":10}},"25":{"start":{"line":91,"column":8},"end":{"line":91,"column":23}},"26":{"start":{"line":94,"column":6},"end":{"line":96,"column":7}},"27":{"start":{"line":95,"column":8},"end":{"line":95,"column":17}},"28":{"start":{"line":99,"column":6},"end":{"line":103,"column":7}},"29":{"start":{"line":100,"column":8},"end":{"line":100,"column":23}},"30":{"start":{"line":102,"column":8},"end":{"line":102,"column":35}},"31":{"start":{"line":105,"column":26},"end":{"line":109,"column":8}},"32":{"start":{"line":112,"column":6},"end":{"line":203,"column":7}},"33":{"start":{"line":113,"column":8},"end":{"line":156,"column":11}},"34":{"start":{"line":158,"column":8},"end":{"line":202,"column":11}},"35":{"start":{"line":204,"column":6},"end":{"line":210,"column":7}},"36":{"start":{"line":205,"column":8},"end":{"line":209,"column":11}},"37":{"start":{"line":211,"column":6},"end":{"line":215,"column":9}},"38":{"start":{"line":217,"column":6},"end":{"line":217,"column":31}},"39":{"start":{"line":221,"column":25},"end":{"line":221,"column":34}},"40":{"start":{"line":222,"column":4},"end":{"line":274,"column":5}},"41":{"start":{"line":223,"column":21},"end":{"line":257,"column":8}},"42":{"start":{"line":259,"column":6},"end":{"line":265,"column":7}},"43":{"start":{"line":260,"column":8},"end":{"line":264,"column":11}},"44":{"start":{"line":267,"column":6},"end":{"line":271,"column":9}},"45":{"start":{"line":273,"column":6},"end":{"line":273,"column":31}},"46":{"start":{"line":277,"column":29},"end":{"line":277,"column":38}},"47":{"start":{"line":278,"column":17},"end":{"line":278,"column":25}},"48":{"start":{"line":279,"column":17},"end":{"line":279,"column":25}},"49":{"start":{"line":280,"column":4},"end":{"line":335,"column":5}},"50":{"start":{"line":281,"column":21},"end":{"line":287,"column":8}},"51":{"start":{"line":288,"column":24},"end":{"line":288,"column":45}},"52":{"start":{"line":289,"column":6},"end":{"line":295,"column":7}},"53":{"start":{"line":290,"column":8},"end":{"line":294,"column":11}},"54":{"start":{"line":297,"column":6},"end":{"line":315,"column":7}},"55":{"start":{"line":298,"column":8},"end":{"line":305,"column":10}},"56":{"start":{"line":307,"column":8},"end":{"line":314,"column":10}},"57":{"start":{"line":316,"column":6},"end":{"line":322,"column":7}},"58":{"start":{"line":317,"column":8},"end":{"line":321,"column":11}},"59":{"start":{"line":323,"column":20},"end":{"line":327,"column":8}},"60":{"start":{"line":328,"column":6},"end":{"line":332,"column":9}},"61":{"start":{"line":334,"column":6},"end":{"line":334,"column":31}},"62":{"start":{"line":338,"column":25},"end":{"line":338,"column":34}},"63":{"start":{"line":339,"column":4},"end":{"line":359,"column":5}},"64":{"start":{"line":340,"column":21},"end":{"line":342,"column":8}},"65":{"start":{"line":344,"column":6},"end":{"line":350,"column":7}},"66":{"start":{"line":345,"column":8},"end":{"line":349,"column":11}},"67":{"start":{"line":352,"column":6},"end":{"line":356,"column":9}},"68":{"start":{"line":358,"column":6},"end":{"line":358,"column":31}},"69":{"start":{"line":363,"column":0},"end":{"line":363,"column":34}}},"fnMap":{"0":{"name":"(anonymous_0)","decl":{"start":{"line":14,"column":16},"end":{"line":14,"column":17}},"loc":{"start":{"line":14,"column":36},"end":{"line":61,"column":3}},"line":14},"1":{"name":"(anonymous_1)","decl":{"start":{"line":62,"column":17},"end":{"line":62,"column":18}},"loc":{"start":{"line":62,"column":37},"end":{"line":219,"column":3}},"line":62},"2":{"name":"(anonymous_2)","decl":{"start":{"line":220,"column":13},"end":{"line":220,"column":14}},"loc":{"start":{"line":220,"column":33},"end":{"line":275,"column":3}},"line":220},"3":{"name":"(anonymous_3)","decl":{"start":{"line":276,"column":16},"end":{"line":276,"column":17}},"loc":{"start":{"line":276,"column":36},"end":{"line":336,"column":3}},"line":276},"4":{"name":"(anonymous_4)","decl":{"start":{"line":337,"column":16},"end":{"line":337,"column":17}},"loc":{"start":{"line":337,"column":36},"end":{"line":360,"column":3}},"line":337}},"branchMap":{"0":{"loc":{"start":{"line":32,"column":6},"end":{"line":38,"column":7}},"type":"if","locations":[{"start":{"line":32,"column":6},"end":{"line":38,"column":7}},{"start":{},"end":{}}],"line":32},"1":{"loc":{"start":{"line":45,"column":6},"end":{"line":51,"column":7}},"type":"if","locations":[{"start":{"line":45,"column":6},"end":{"line":51,"column":7}},{"start":{},"end":{}}],"line":45},"2":{"loc":{"start":{"line":66,"column":6},"end":{"line":72,"column":7}},"type":"if","locations":[{"start":{"line":66,"column":6},"end":{"line":72,"column":7}},{"start":{},"end":{}}],"line":66},"3":{"loc":{"start":{"line":75,"column":6},"end":{"line":81,"column":7}},"type":"if","locations":[{"start":{"line":75,"column":6},"end":{"line":81,"column":7}},{"start":{},"end":{}}],"line":75},"4":{"loc":{"start":{"line":84,"column":6},"end":{"line":92,"column":7}},"type":"if","locations":[{"start":{"line":84,"column":6},"end":{"line":92,"column":7}},{"start":{"line":90,"column":13},"end":{"line":92,"column":7}}],"line":84},"5":{"loc":{"start":{"line":94,"column":6},"end":{"line":96,"column":7}},"type":"if","locations":[{"start":{"line":94,"column":6},"end":{"line":96,"column":7}},{"start":{},"end":{}}],"line":94},"6":{"loc":{"start":{"line":99,"column":6},"end":{"line":103,"column":7}},"type":"if","locations":[{"start":{"line":99,"column":6},"end":{"line":103,"column":7}},{"start":{"line":101,"column":13},"end":{"line":103,"column":7}}],"line":99},"7":{"loc":{"start":{"line":112,"column":6},"end":{"line":203,"column":7}},"type":"if","locations":[{"start":{"line":112,"column":6},"end":{"line":203,"column":7}},{"start":{"line":157,"column":13},"end":{"line":203,"column":7}}],"line":112},"8":{"loc":{"start":{"line":204,"column":6},"end":{"line":210,"column":7}},"type":"if","locations":[{"start":{"line":204,"column":6},"end":{"line":210,"column":7}},{"start":{},"end":{}}],"line":204},"9":{"loc":{"start":{"line":259,"column":6},"end":{"line":265,"column":7}},"type":"if","locations":[{"start":{"line":259,"column":6},"end":{"line":265,"column":7}},{"start":{},"end":{}}],"line":259},"10":{"loc":{"start":{"line":289,"column":6},"end":{"line":295,"column":7}},"type":"if","locations":[{"start":{"line":289,"column":6},"end":{"line":295,"column":7}},{"start":{},"end":{}}],"line":289},"11":{"loc":{"start":{"line":297,"column":6},"end":{"line":315,"column":7}},"type":"if","locations":[{"start":{"line":297,"column":6},"end":{"line":315,"column":7}},{"start":{"line":306,"column":13},"end":{"line":315,"column":7}}],"line":297},"12":{"loc":{"start":{"line":316,"column":6},"end":{"line":322,"column":7}},"type":"if","locations":[{"start":{"line":316,"column":6},"end":{"line":322,"column":7}},{"start":{},"end":{}}],"line":316},"13":{"loc":{"start":{"line":344,"column":6},"end":{"line":350,"column":7}},"type":"if","locations":[{"start":{"line":344,"column":6},"end":{"line":350,"column":7}},{"start":{},"end":{}}],"line":344}},"s":{"0":4,"1":4,"2":4,"3":4,"4":4,"5":3,"6":3,"7":3,"8":3,"9":3,"10":3,"11":0,"12":3,"13":3,"14":0,"15":3,"16":0,"17":1,"18":1,"19":1,"20":0,"21":1,"22":0,"23":1,"24":0,"25":1,"26":1,"27":1,"28":1,"29":1,"30":0,"31":1,"32":1,"33":0,"34":1,"35":1,"36":0,"37":1,"38":0,"39":1,"40":1,"41":1,"42":1,"43":0,"44":1,"45":0,"46":1,"47":1,"48":1,"49":1,"50":1,"51":1,"52":1,"53":0,"54":1,"55":1,"56":0,"57":1,"58":0,"59":1,"60":1,"61":0,"62":1,"63":1,"64":1,"65":1,"66":0,"67":1,"68":0,"69":4},"f":{"0":3,"1":1,"2":1,"3":1,"4":1},"b":{"0":[0,3],"1":[0,3],"2":[0,1],"3":[0,1],"4":[0,1],"5":[1,0],"6":[1,0],"7":[0,1],"8":[0,1],"9":[0,1],"10":[0,1],"11":[1,0],"12":[0,1],"13":[0,1]},"_coverageSchema":"1a1c01bbd47fc00a2c39e90264f33305004495a9","hash":"7ad6051b3a60a08b6bfd225ec5fdb9cf47941a39"}
,"C:\\Users\\Rikhi\\Desktop\\Lektur-apps\\be_lektur\\controllers\\materialController.js": {"path":"C:\\Users\\Rikhi\\Desktop\\Lektur-apps\\be_lektur\\controllers\\materialController.js","statementMap":{"0":{"start":{"line":1,"column":12},"end":{"line":1,"column":26}},"1":{"start":{"line":2,"column":30},"end":{"line":2,"column":50}},"2":{"start":{"line":3,"column":21},"end":{"line":3,"column":53}},"3":{"start":{"line":5,"column":0},"end":{"line":166,"column":2}},"4":{"start":{"line":7,"column":17},"end":{"line":7,"column":25}},"5":{"start":{"line":8,"column":17},"end":{"line":8,"column":25}},"6":{"start":{"line":9,"column":26},"end":{"line":9,"column":35}},"7":{"start":{"line":10,"column":4},"end":{"line":57,"column":5}},"8":{"start":{"line":11,"column":21},"end":{"line":15,"column":8}},"9":{"start":{"line":16,"column":24},"end":{"line":20,"column":8}},"10":{"start":{"line":21,"column":6},"end":{"line":26,"column":7}},"11":{"start":{"line":22,"column":8},"end":{"line":25,"column":11}},"12":{"start":{"line":27,"column":20},"end":{"line":31,"column":8}},"13":{"start":{"line":32,"column":6},"end":{"line":37,"column":7}},"14":{"start":{"line":33,"column":8},"end":{"line":36,"column":11}},"15":{"start":{"line":38,"column":23},"end":{"line":42,"column":8}},"16":{"start":{"line":43,"column":6},"end":{"line":49,"column":7}},"17":{"start":{"line":44,"column":8},"end":{"line":48,"column":11}},"18":{"start":{"line":50,"column":6},"end":{"line":54,"column":9}},"19":{"start":{"line":56,"column":6},"end":{"line":56,"column":31}},"20":{"start":{"line":60,"column":4},"end":{"line":81,"column":5}},"21":{"start":{"line":61,"column":24},"end":{"line":66,"column":8}},"22":{"start":{"line":67,"column":6},"end":{"line":73,"column":7}},"23":{"start":{"line":68,"column":8},"end":{"line":72,"column":11}},"24":{"start":{"line":74,"column":6},"end":{"line":78,"column":9}},"25":{"start":{"line":80,"column":6},"end":{"line":80,"column":31}},"26":{"start":{"line":84,"column":27},"end":{"line":84,"column":36}},"27":{"start":{"line":85,"column":17},"end":{"line":85,"column":25}},"28":{"start":{"line":86,"column":17},"end":{"line":86,"column":25}},"29":{"start":{"line":87,"column":4},"end":{"line":140,"column":5}},"30":{"start":{"line":88,"column":21},"end":{"line":92,"column":8}},"31":{"start":{"line":93,"column":24},"end":{"line":93,"column":45}},"32":{"start":{"line":94,"column":6},"end":{"line":100,"column":7}},"33":{"start":{"line":95,"column":8},"end":{"line":99,"column":11}},"34":{"start":{"line":102,"column":6},"end":{"line":120,"column":7}},"35":{"start":{"line":103,"column":8},"end":{"line":110,"column":10}},"36":{"start":{"line":112,"column":8},"end":{"line":119,"column":10}},"37":{"start":{"line":121,"column":6},"end":{"line":127,"column":7}},"38":{"start":{"line":122,"column":8},"end":{"line":126,"column":11}},"39":{"start":{"line":128,"column":23},"end":{"line":132,"column":8}},"40":{"start":{"line":133,"column":6},"end":{"line":137,"column":9}},"41":{"start":{"line":139,"column":6},"end":{"line":139,"column":31}},"42":{"start":{"line":143,"column":27},"end":{"line":143,"column":36}},"43":{"start":{"line":144,"column":4},"end":{"line":164,"column":5}},"44":{"start":{"line":145,"column":23},"end":{"line":149,"column":8}},"45":{"start":{"line":150,"column":6},"end":{"line":156,"column":7}},"46":{"start":{"line":151,"column":8},"end":{"line":155,"column":11}},"47":{"start":{"line":157,"column":6},"end":{"line":161,"column":9}},"48":{"start":{"line":163,"column":6},"end":{"line":163,"column":31}}},"fnMap":{"0":{"name":"(anonymous_0)","decl":{"start":{"line":6,"column":18},"end":{"line":6,"column":19}},"loc":{"start":{"line":6,"column":38},"end":{"line":58,"column":3}},"line":6},"1":{"name":"(anonymous_1)","decl":{"start":{"line":59,"column":16},"end":{"line":59,"column":17}},"loc":{"start":{"line":59,"column":36},"end":{"line":82,"column":3}},"line":59},"2":{"name":"(anonymous_2)","decl":{"start":{"line":83,"column":18},"end":{"line":83,"column":19}},"loc":{"start":{"line":83,"column":38},"end":{"line":141,"column":3}},"line":83},"3":{"name":"(anonymous_3)","decl":{"start":{"line":142,"column":18},"end":{"line":142,"column":19}},"loc":{"start":{"line":142,"column":38},"end":{"line":165,"column":3}},"line":142}},"branchMap":{"0":{"loc":{"start":{"line":21,"column":6},"end":{"line":26,"column":7}},"type":"if","locations":[{"start":{"line":21,"column":6},"end":{"line":26,"column":7}},{"start":{},"end":{}}],"line":21},"1":{"loc":{"start":{"line":32,"column":6},"end":{"line":37,"column":7}},"type":"if","locations":[{"start":{"line":32,"column":6},"end":{"line":37,"column":7}},{"start":{},"end":{}}],"line":32},"2":{"loc":{"start":{"line":43,"column":6},"end":{"line":49,"column":7}},"type":"if","locations":[{"start":{"line":43,"column":6},"end":{"line":49,"column":7}},{"start":{},"end":{}}],"line":43},"3":{"loc":{"start":{"line":67,"column":6},"end":{"line":73,"column":7}},"type":"if","locations":[{"start":{"line":67,"column":6},"end":{"line":73,"column":7}},{"start":{},"end":{}}],"line":67},"4":{"loc":{"start":{"line":94,"column":6},"end":{"line":100,"column":7}},"type":"if","locations":[{"start":{"line":94,"column":6},"end":{"line":100,"column":7}},{"start":{},"end":{}}],"line":94},"5":{"loc":{"start":{"line":102,"column":6},"end":{"line":120,"column":7}},"type":"if","locations":[{"start":{"line":102,"column":6},"end":{"line":120,"column":7}},{"start":{"line":111,"column":13},"end":{"line":120,"column":7}}],"line":102},"6":{"loc":{"start":{"line":121,"column":6},"end":{"line":127,"column":7}},"type":"if","locations":[{"start":{"line":121,"column":6},"end":{"line":127,"column":7}},{"start":{},"end":{}}],"line":121},"7":{"loc":{"start":{"line":150,"column":6},"end":{"line":156,"column":7}},"type":"if","locations":[{"start":{"line":150,"column":6},"end":{"line":156,"column":7}},{"start":{},"end":{}}],"line":150}},"s":{"0":4,"1":4,"2":4,"3":4,"4":1,"5":1,"6":1,"7":1,"8":1,"9":1,"10":1,"11":0,"12":1,"13":1,"14":0,"15":1,"16":1,"17":0,"18":1,"19":0,"20":1,"21":1,"22":1,"23":0,"24":1,"25":0,"26":1,"27":1,"28":1,"29":1,"30":1,"31":1,"32":1,"33":0,"34":1,"35":1,"36":0,"37":1,"38":0,"39":1,"40":1,"41":0,"42":1,"43":1,"44":1,"45":1,"46":0,"47":1,"48":0},"f":{"0":1,"1":1,"2":1,"3":1},"b":{"0":[0,1],"1":[0,1],"2":[0,1],"3":[0,1],"4":[0,1],"5":[1,0],"6":[0,1],"7":[0,1]},"_coverageSchema":"1a1c01bbd47fc00a2c39e90264f33305004495a9","hash":"0ab767c04b63bdbd44ea13b020bba295a8101604"}
,"C:\\Users\\Rikhi\\Desktop\\Lektur-apps\\be_lektur\\controllers\\studentController.js": {"path":"C:\\Users\\Rikhi\\Desktop\\Lektur-apps\\be_lektur\\controllers\\studentController.js","statementMap":{"0":{"start":{"line":1,"column":12},"end":{"line":1,"column":26}},"1":{"start":{"line":2,"column":21},"end":{"line":2,"column":53}},"2":{"start":{"line":10,"column":4},"end":{"line":10,"column":24}},"3":{"start":{"line":12,"column":0},"end":{"line":506,"column":2}},"4":{"start":{"line":14,"column":25},"end":{"line":14,"column":34}},"5":{"start":{"line":15,"column":21},"end":{"line":15,"column":24}},"6":{"start":{"line":16,"column":4},"end":{"line":82,"column":5}},"7":{"start":{"line":17,"column":21},"end":{"line":20,"column":8}},"8":{"start":{"line":21,"column":24},"end":{"line":24,"column":8}},"9":{"start":{"line":25,"column":6},"end":{"line":31,"column":7}},"10":{"start":{"line":26,"column":8},"end":{"line":30,"column":11}},"11":{"start":{"line":32,"column":6},"end":{"line":38,"column":7}},"12":{"start":{"line":33,"column":8},"end":{"line":37,"column":11}},"13":{"start":{"line":39,"column":27},"end":{"line":44,"column":8}},"14":{"start":{"line":45,"column":6},"end":{"line":51,"column":7}},"15":{"start":{"line":46,"column":8},"end":{"line":50,"column":11}},"16":{"start":{"line":52,"column":26},"end":{"line":56,"column":8}},"17":{"start":{"line":57,"column":6},"end":{"line":63,"column":7}},"18":{"start":{"line":58,"column":8},"end":{"line":62,"column":11}},"19":{"start":{"line":64,"column":21},"end":{"line":67,"column":8}},"20":{"start":{"line":68,"column":6},"end":{"line":74,"column":7}},"21":{"start":{"line":69,"column":8},"end":{"line":73,"column":11}},"22":{"start":{"line":75,"column":6},"end":{"line":79,"column":9}},"23":{"start":{"line":81,"column":6},"end":{"line":81,"column":31}},"24":{"start":{"line":85,"column":21},"end":{"line":85,"column":24}},"25":{"start":{"line":86,"column":4},"end":{"line":128,"column":5}},"26":{"start":{"line":87,"column":26},"end":{"line":92,"column":8}},"27":{"start":{"line":93,"column":25},"end":{"line":93,"column":63}},"28":{"start":{"line":93,"column":50},"end":{"line":93,"column":62}},"29":{"start":{"line":94,"column":22},"end":{"line":120,"column":8}},"30":{"start":{"line":121,"column":6},"end":{"line":125,"column":9}},"31":{"start":{"line":127,"column":6},"end":{"line":127,"column":31}},"32":{"start":{"line":131,"column":21},"end":{"line":131,"column":24}},"33":{"start":{"line":132,"column":4},"end":{"line":173,"column":5}},"34":{"start":{"line":133,"column":26},"end":{"line":138,"column":8}},"35":{"start":{"line":139,"column":25},"end":{"line":139,"column":63}},"36":{"start":{"line":139,"column":50},"end":{"line":139,"column":62}},"37":{"start":{"line":140,"column":22},"end":{"line":165,"column":8}},"38":{"start":{"line":166,"column":6},"end":{"line":170,"column":9}},"39":{"start":{"line":172,"column":6},"end":{"line":172,"column":31}},"40":{"start":{"line":176,"column":23},"end":{"line":176,"column":32}},"41":{"start":{"line":177,"column":21},"end":{"line":177,"column":24}},"42":{"start":{"line":178,"column":4},"end":{"line":232,"column":5}},"43":{"start":{"line":179,"column":22},"end":{"line":217,"column":8}},"44":{"start":{"line":218,"column":6},"end":{"line":224,"column":7}},"45":{"start":{"line":219,"column":8},"end":{"line":223,"column":11}},"46":{"start":{"line":225,"column":6},"end":{"line":229,"column":9}},"47":{"start":{"line":231,"column":6},"end":{"line":231,"column":31}},"48":{"start":{"line":235,"column":23},"end":{"line":235,"column":32}},"49":{"start":{"line":236,"column":4},"end":{"line":271,"column":5}},"50":{"start":{"line":237,"column":22},"end":{"line":256,"column":8}},"51":{"start":{"line":257,"column":6},"end":{"line":263,"column":7}},"52":{"start":{"line":258,"column":8},"end":{"line":262,"column":11}},"53":{"start":{"line":264,"column":6},"end":{"line":268,"column":9}},"54":{"start":{"line":270,"column":6},"end":{"line":270,"column":31}},"55":{"start":{"line":274,"column":21},"end":{"line":274,"column":24}},"56":{"start":{"line":275,"column":36},"end":{"line":275,"column":45}},"57":{"start":{"line":276,"column":4},"end":{"line":425,"column":5}},"58":{"start":{"line":277,"column":21},"end":{"line":281,"column":8}},"59":{"start":{"line":282,"column":24},"end":{"line":286,"column":8}},"60":{"start":{"line":287,"column":6},"end":{"line":293,"column":7}},"61":{"start":{"line":288,"column":8},"end":{"line":292,"column":11}},"62":{"start":{"line":294,"column":6},"end":{"line":300,"column":7}},"63":{"start":{"line":295,"column":8},"end":{"line":299,"column":11}},"64":{"start":{"line":301,"column":27},"end":{"line":306,"column":8}},"65":{"start":{"line":307,"column":6},"end":{"line":313,"column":7}},"66":{"start":{"line":308,"column":8},"end":{"line":312,"column":11}},"67":{"start":{"line":314,"column":24},"end":{"line":319,"column":8}},"68":{"start":{"line":320,"column":6},"end":{"line":332,"column":7}},"69":{"start":{"line":321,"column":8},"end":{"line":325,"column":11}},"70":{"start":{"line":326,"column":13},"end":{"line":332,"column":7}},"71":{"start":{"line":327,"column":8},"end":{"line":331,"column":11}},"72":{"start":{"line":334,"column":26},"end":{"line":340,"column":8}},"73":{"start":{"line":341,"column":6},"end":{"line":347,"column":7}},"74":{"start":{"line":342,"column":8},"end":{"line":346,"column":11}},"75":{"start":{"line":349,"column":23},"end":{"line":353,"column":8}},"76":{"start":{"line":355,"column":6},"end":{"line":361,"column":7}},"77":{"start":{"line":356,"column":8},"end":{"line":360,"column":11}},"78":{"start":{"line":363,"column":30},"end":{"line":371,"column":8}},"79":{"start":{"line":372,"column":23},"end":{"line":379,"column":8}},"80":{"start":{"line":380,"column":6},"end":{"line":386,"column":7}},"81":{"start":{"line":381,"column":8},"end":{"line":385,"column":11}},"82":{"start":{"line":389,"column":6},"end":{"line":409,"column":7}},"83":{"start":{"line":390,"column":8},"end":{"line":398,"column":10}},"84":{"start":{"line":399,"column":13},"end":{"line":409,"column":7}},"85":{"start":{"line":400,"column":8},"end":{"line":408,"column":10}},"86":{"start":{"line":411,"column":6},"end":{"line":417,"column":7}},"87":{"start":{"line":412,"column":8},"end":{"line":416,"column":11}},"88":{"start":{"line":418,"column":6},"end":{"line":422,"column":9}},"89":{"start":{"line":424,"column":6},"end":{"line":424,"column":31}},"90":{"start":{"line":428,"column":21},"end":{"line":428,"column":24}},"91":{"start":{"line":429,"column":4},"end":{"line":504,"column":5}},"92":{"start":{"line":430,"column":26},"end":{"line":434,"column":8}},"93":{"start":{"line":435,"column":24},"end":{"line":435,"column":61}},"94":{"start":{"line":435,"column":49},"end":{"line":435,"column":60}},"95":{"start":{"line":436,"column":22},"end":{"line":489,"column":8}},"96":{"start":{"line":490,"column":6},"end":{"line":496,"column":7}},"97":{"start":{"line":491,"column":8},"end":{"line":495,"column":11}},"98":{"start":{"line":497,"column":6},"end":{"line":501,"column":9}},"99":{"start":{"line":503,"column":6},"end":{"line":503,"column":31}}},"fnMap":{"0":{"name":"(anonymous_0)","decl":{"start":{"line":13,"column":16},"end":{"line":13,"column":17}},"loc":{"start":{"line":13,"column":36},"end":{"line":83,"column":3}},"line":13},"1":{"name":"(anonymous_1)","decl":{"start":{"line":84,"column":21},"end":{"line":84,"column":22}},"loc":{"start":{"line":84,"column":41},"end":{"line":129,"column":3}},"line":84},"2":{"name":"(anonymous_2)","decl":{"start":{"line":93,"column":43},"end":{"line":93,"column":44}},"loc":{"start":{"line":93,"column":50},"end":{"line":93,"column":62}},"line":93},"3":{"name":"(anonymous_3)","decl":{"start":{"line":130,"column":25},"end":{"line":130,"column":26}},"loc":{"start":{"line":130,"column":45},"end":{"line":174,"column":3}},"line":130},"4":{"name":"(anonymous_4)","decl":{"start":{"line":139,"column":43},"end":{"line":139,"column":44}},"loc":{"start":{"line":139,"column":50},"end":{"line":139,"column":62}},"line":139},"5":{"name":"(anonymous_5)","decl":{"start":{"line":175,"column":19},"end":{"line":175,"column":20}},"loc":{"start":{"line":175,"column":39},"end":{"line":233,"column":3}},"line":175},"6":{"name":"(anonymous_6)","decl":{"start":{"line":234,"column":20},"end":{"line":234,"column":21}},"loc":{"start":{"line":234,"column":40},"end":{"line":272,"column":3}},"line":234},"7":{"name":"(anonymous_7)","decl":{"start":{"line":273,"column":25},"end":{"line":273,"column":26}},"loc":{"start":{"line":273,"column":45},"end":{"line":426,"column":3}},"line":273},"8":{"name":"(anonymous_8)","decl":{"start":{"line":427,"column":22},"end":{"line":427,"column":23}},"loc":{"start":{"line":427,"column":42},"end":{"line":505,"column":3}},"line":427},"9":{"name":"(anonymous_9)","decl":{"start":{"line":435,"column":42},"end":{"line":435,"column":43}},"loc":{"start":{"line":435,"column":49},"end":{"line":435,"column":60}},"line":435}},"branchMap":{"0":{"loc":{"start":{"line":25,"column":6},"end":{"line":31,"column":7}},"type":"if","locations":[{"start":{"line":25,"column":6},"end":{"line":31,"column":7}},{"start":{},"end":{}}],"line":25},"1":{"loc":{"start":{"line":32,"column":6},"end":{"line":38,"column":7}},"type":"if","locations":[{"start":{"line":32,"column":6},"end":{"line":38,"column":7}},{"start":{},"end":{}}],"line":32},"2":{"loc":{"start":{"line":45,"column":6},"end":{"line":51,"column":7}},"type":"if","locations":[{"start":{"line":45,"column":6},"end":{"line":51,"column":7}},{"start":{},"end":{}}],"line":45},"3":{"loc":{"start":{"line":57,"column":6},"end":{"line":63,"column":7}},"type":"if","locations":[{"start":{"line":57,"column":6},"end":{"line":63,"column":7}},{"start":{},"end":{}}],"line":57},"4":{"loc":{"start":{"line":68,"column":6},"end":{"line":74,"column":7}},"type":"if","locations":[{"start":{"line":68,"column":6},"end":{"line":74,"column":7}},{"start":{},"end":{}}],"line":68},"5":{"loc":{"start":{"line":218,"column":6},"end":{"line":224,"column":7}},"type":"if","locations":[{"start":{"line":218,"column":6},"end":{"line":224,"column":7}},{"start":{},"end":{}}],"line":218},"6":{"loc":{"start":{"line":257,"column":6},"end":{"line":263,"column":7}},"type":"if","locations":[{"start":{"line":257,"column":6},"end":{"line":263,"column":7}},{"start":{},"end":{}}],"line":257},"7":{"loc":{"start":{"line":287,"column":6},"end":{"line":293,"column":7}},"type":"if","locations":[{"start":{"line":287,"column":6},"end":{"line":293,"column":7}},{"start":{},"end":{}}],"line":287},"8":{"loc":{"start":{"line":294,"column":6},"end":{"line":300,"column":7}},"type":"if","locations":[{"start":{"line":294,"column":6},"end":{"line":300,"column":7}},{"start":{},"end":{}}],"line":294},"9":{"loc":{"start":{"line":307,"column":6},"end":{"line":313,"column":7}},"type":"if","locations":[{"start":{"line":307,"column":6},"end":{"line":313,"column":7}},{"start":{},"end":{}}],"line":307},"10":{"loc":{"start":{"line":320,"column":6},"end":{"line":332,"column":7}},"type":"if","locations":[{"start":{"line":320,"column":6},"end":{"line":332,"column":7}},{"start":{"line":326,"column":13},"end":{"line":332,"column":7}}],"line":320},"11":{"loc":{"start":{"line":326,"column":13},"end":{"line":332,"column":7}},"type":"if","locations":[{"start":{"line":326,"column":13},"end":{"line":332,"column":7}},{"start":{},"end":{}}],"line":326},"12":{"loc":{"start":{"line":341,"column":6},"end":{"line":347,"column":7}},"type":"if","locations":[{"start":{"line":341,"column":6},"end":{"line":347,"column":7}},{"start":{},"end":{}}],"line":341},"13":{"loc":{"start":{"line":355,"column":6},"end":{"line":361,"column":7}},"type":"if","locations":[{"start":{"line":355,"column":6},"end":{"line":361,"column":7}},{"start":{},"end":{}}],"line":355},"14":{"loc":{"start":{"line":380,"column":6},"end":{"line":386,"column":7}},"type":"if","locations":[{"start":{"line":380,"column":6},"end":{"line":386,"column":7}},{"start":{},"end":{}}],"line":380},"15":{"loc":{"start":{"line":389,"column":6},"end":{"line":409,"column":7}},"type":"if","locations":[{"start":{"line":389,"column":6},"end":{"line":409,"column":7}},{"start":{"line":399,"column":13},"end":{"line":409,"column":7}}],"line":389},"16":{"loc":{"start":{"line":399,"column":13},"end":{"line":409,"column":7}},"type":"if","locations":[{"start":{"line":399,"column":13},"end":{"line":409,"column":7}},{"start":{},"end":{}}],"line":399},"17":{"loc":{"start":{"line":411,"column":6},"end":{"line":417,"column":7}},"type":"if","locations":[{"start":{"line":411,"column":6},"end":{"line":417,"column":7}},{"start":{},"end":{}}],"line":411},"18":{"loc":{"start":{"line":490,"column":6},"end":{"line":496,"column":7}},"type":"if","locations":[{"start":{"line":490,"column":6},"end":{"line":496,"column":7}},{"start":{},"end":{}}],"line":490}},"s":{"0":4,"1":4,"2":4,"3":4,"4":0,"5":0,"6":0,"7":0,"8":0,"9":0,"10":0,"11":0,"12":0,"13":0,"14":0,"15":0,"16":0,"17":0,"18":0,"19":0,"20":0,"21":0,"22":0,"23":0,"24":0,"25":0,"26":0,"27":0,"28":0,"29":0,"30":0,"31":0,"32":0,"33":0,"34":0,"35":0,"36":0,"37":0,"38":0,"39":0,"40":0,"41":0,"42":0,"43":0,"44":0,"45":0,"46":0,"47":0,"48":0,"49":0,"50":0,"51":0,"52":0,"53":0,"54":0,"55":0,"56":0,"57":0,"58":0,"59":0,"60":0,"61":0,"62":0,"63":0,"64":0,"65":0,"66":0,"67":0,"68":0,"69":0,"70":0,"71":0,"72":0,"73":0,"74":0,"75":0,"76":0,"77":0,"78":0,"79":0,"80":0,"81":0,"82":0,"83":0,"84":0,"85":0,"86":0,"87":0,"88":0,"89":0,"90":0,"91":0,"92":0,"93":0,"94":0,"95":0,"96":0,"97":0,"98":0,"99":0},"f":{"0":0,"1":0,"2":0,"3":0,"4":0,"5":0,"6":0,"7":0,"8":0,"9":0},"b":{"0":[0,0],"1":[0,0],"2":[0,0],"3":[0,0],"4":[0,0],"5":[0,0],"6":[0,0],"7":[0,0],"8":[0,0],"9":[0,0],"10":[0,0],"11":[0,0],"12":[0,0],"13":[0,0],"14":[0,0],"15":[0,0],"16":[0,0],"17":[0,0],"18":[0,0]},"_coverageSchema":"1a1c01bbd47fc00a2c39e90264f33305004495a9","hash":"ad4c8448a8929109fe309413afceccdce86e61fb"}
,"C:\\Users\\Rikhi\\Desktop\\Lektur-apps\\be_lektur\\controllers\\teacherController.js": {"path":"C:\\Users\\Rikhi\\Desktop\\Lektur-apps\\be_lektur\\controllers\\teacherController.js","statementMap":{"0":{"start":{"line":1,"column":12},"end":{"line":1,"column":26}},"1":{"start":{"line":2,"column":21},"end":{"line":2,"column":53}},"2":{"start":{"line":11,"column":4},"end":{"line":11,"column":24}},"3":{"start":{"line":12,"column":17},"end":{"line":12,"column":45}},"4":{"start":{"line":13,"column":15},"end":{"line":13,"column":35}},"5":{"start":{"line":15,"column":0},"end":{"line":284,"column":2}},"6":{"start":{"line":17,"column":36},"end":{"line":17,"column":45}},"7":{"start":{"line":18,"column":4},"end":{"line":76,"column":5}},"8":{"start":{"line":19,"column":21},"end":{"line":22,"column":8}},"9":{"start":{"line":23,"column":24},"end":{"line":26,"column":8}},"10":{"start":{"line":27,"column":6},"end":{"line":33,"column":7}},"11":{"start":{"line":28,"column":8},"end":{"line":32,"column":11}},"12":{"start":{"line":34,"column":20},"end":{"line":39,"column":8}},"13":{"start":{"line":40,"column":6},"end":{"line":46,"column":7}},"14":{"start":{"line":41,"column":8},"end":{"line":45,"column":11}},"15":{"start":{"line":47,"column":21},"end":{"line":55,"column":7}},"16":{"start":{"line":56,"column":6},"end":{"line":62,"column":7}},"17":{"start":{"line":57,"column":8},"end":{"line":61,"column":11}},"18":{"start":{"line":63,"column":23},"end":{"line":68,"column":8}},"19":{"start":{"line":69,"column":6},"end":{"line":73,"column":9}},"20":{"start":{"line":75,"column":6},"end":{"line":75,"column":31}},"21":{"start":{"line":79,"column":21},"end":{"line":79,"column":24}},"22":{"start":{"line":80,"column":4},"end":{"line":127,"column":5}},"23":{"start":{"line":81,"column":22},"end":{"line":112,"column":8}},"24":{"start":{"line":113,"column":6},"end":{"line":119,"column":7}},"25":{"start":{"line":114,"column":8},"end":{"line":118,"column":11}},"26":{"start":{"line":120,"column":6},"end":{"line":124,"column":9}},"27":{"start":{"line":126,"column":6},"end":{"line":126,"column":31}},"28":{"start":{"line":130,"column":46},"end":{"line":130,"column":55}},"29":{"start":{"line":131,"column":4},"end":{"line":229,"column":5}},"30":{"start":{"line":133,"column":6},"end":{"line":145,"column":7}},"31":{"start":{"line":135,"column":10},"end":{"line":135,"column":59}},"32":{"start":{"line":136,"column":10},"end":{"line":136,"column":16}},"33":{"start":{"line":138,"column":10},"end":{"line":138,"column":68}},"34":{"start":{"line":139,"column":10},"end":{"line":139,"column":16}},"35":{"start":{"line":141,"column":10},"end":{"line":141,"column":72}},"36":{"start":{"line":142,"column":10},"end":{"line":142,"column":16}},"37":{"start":{"line":144,"column":10},"end":{"line":144,"column":41}},"38":{"start":{"line":148,"column":6},"end":{"line":154,"column":7}},"39":{"start":{"line":149,"column":8},"end":{"line":153,"column":10}},"40":{"start":{"line":157,"column":6},"end":{"line":161,"column":7}},"41":{"start":{"line":158,"column":8},"end":{"line":160,"column":10}},"42":{"start":{"line":163,"column":22},"end":{"line":214,"column":8}},"43":{"start":{"line":215,"column":6},"end":{"line":221,"column":7}},"44":{"start":{"line":216,"column":8},"end":{"line":220,"column":11}},"45":{"start":{"line":222,"column":6},"end":{"line":226,"column":9}},"46":{"start":{"line":228,"column":6},"end":{"line":228,"column":31}},"47":{"start":{"line":232,"column":22},"end":{"line":232,"column":30}},"48":{"start":{"line":233,"column":21},"end":{"line":233,"column":24}},"49":{"start":{"line":234,"column":25},"end":{"line":234,"column":34}},"50":{"start":{"line":235,"column":4},"end":{"line":282,"column":5}},"51":{"start":{"line":236,"column":22},"end":{"line":240,"column":8}},"52":{"start":{"line":242,"column":6},"end":{"line":274,"column":7}},"53":{"start":{"line":243,"column":8},"end":{"line":248,"column":11}},"54":{"start":{"line":249,"column":8},"end":{"line":257,"column":10}},"55":{"start":{"line":259,"column":8},"end":{"line":264,"column":11}},"56":{"start":{"line":265,"column":8},"end":{"line":273,"column":10}},"57":{"start":{"line":275,"column":6},"end":{"line":279,"column":9}},"58":{"start":{"line":281,"column":6},"end":{"line":281,"column":31}}},"fnMap":{"0":{"name":"(anonymous_0)","decl":{"start":{"line":16,"column":18},"end":{"line":16,"column":19}},"loc":{"start":{"line":16,"column":38},"end":{"line":77,"column":3}},"line":16},"1":{"name":"(anonymous_1)","decl":{"start":{"line":78,"column":21},"end":{"line":78,"column":22}},"loc":{"start":{"line":78,"column":41},"end":{"line":128,"column":3}},"line":78},"2":{"name":"(anonymous_2)","decl":{"start":{"line":129,"column":15},"end":{"line":129,"column":16}},"loc":{"start":{"line":129,"column":35},"end":{"line":230,"column":3}},"line":129},"3":{"name":"(anonymous_3)","decl":{"start":{"line":231,"column":20},"end":{"line":231,"column":21}},"loc":{"start":{"line":231,"column":40},"end":{"line":283,"column":3}},"line":231}},"branchMap":{"0":{"loc":{"start":{"line":27,"column":6},"end":{"line":33,"column":7}},"type":"if","locations":[{"start":{"line":27,"column":6},"end":{"line":33,"column":7}},{"start":{},"end":{}}],"line":27},"1":{"loc":{"start":{"line":40,"column":6},"end":{"line":46,"column":7}},"type":"if","locations":[{"start":{"line":40,"column":6},"end":{"line":46,"column":7}},{"start":{},"end":{}}],"line":40},"2":{"loc":{"start":{"line":56,"column":6},"end":{"line":62,"column":7}},"type":"if","locations":[{"start":{"line":56,"column":6},"end":{"line":62,"column":7}},{"start":{},"end":{}}],"line":56},"3":{"loc":{"start":{"line":113,"column":6},"end":{"line":119,"column":7}},"type":"if","locations":[{"start":{"line":113,"column":6},"end":{"line":119,"column":7}},{"start":{},"end":{}}],"line":113},"4":{"loc":{"start":{"line":133,"column":6},"end":{"line":145,"column":7}},"type":"switch","locations":[{"start":{"line":134,"column":8},"end":{"line":136,"column":16}},{"start":{"line":137,"column":8},"end":{"line":139,"column":16}},{"start":{"line":140,"column":8},"end":{"line":142,"column":16}},{"start":{"line":143,"column":8},"end":{"line":144,"column":41}}],"line":133},"5":{"loc":{"start":{"line":148,"column":6},"end":{"line":154,"column":7}},"type":"if","locations":[{"start":{"line":148,"column":6},"end":{"line":154,"column":7}},{"start":{},"end":{}}],"line":148},"6":{"loc":{"start":{"line":157,"column":6},"end":{"line":161,"column":7}},"type":"if","locations":[{"start":{"line":157,"column":6},"end":{"line":161,"column":7}},{"start":{},"end":{}}],"line":157},"7":{"loc":{"start":{"line":215,"column":6},"end":{"line":221,"column":7}},"type":"if","locations":[{"start":{"line":215,"column":6},"end":{"line":221,"column":7}},{"start":{},"end":{}}],"line":215},"8":{"loc":{"start":{"line":242,"column":6},"end":{"line":274,"column":7}},"type":"if","locations":[{"start":{"line":242,"column":6},"end":{"line":274,"column":7}},{"start":{"line":258,"column":13},"end":{"line":274,"column":7}}],"line":242}},"s":{"0":4,"1":4,"2":4,"3":4,"4":4,"5":4,"6":0,"7":0,"8":0,"9":0,"10":0,"11":0,"12":0,"13":0,"14":0,"15":0,"16":0,"17":0,"18":0,"19":0,"20":0,"21":0,"22":0,"23":0,"24":0,"25":0,"26":0,"27":0,"28":0,"29":0,"30":0,"31":0,"32":0,"33":0,"34":0,"35":0,"36":0,"37":0,"38":0,"39":0,"40":0,"41":0,"42":0,"43":0,"44":0,"45":0,"46":0,"47":0,"48":0,"49":0,"50":0,"51":0,"52":0,"53":0,"54":0,"55":0,"56":0,"57":0,"58":0},"f":{"0":0,"1":0,"2":0,"3":0},"b":{"0":[0,0],"1":[0,0],"2":[0,0],"3":[0,0],"4":[0,0,0,0],"5":[0,0],"6":[0,0],"7":[0,0],"8":[0,0]},"_coverageSchema":"1a1c01bbd47fc00a2c39e90264f33305004495a9","hash":"dac49c487d8db8dcd2810958c0481e0223b30fbb"}
,"C:\\Users\\Rikhi\\Desktop\\Lektur-apps\\be_lektur\\controllers\\userController.js": {"path":"C:\\Users\\Rikhi\\Desktop\\Lektur-apps\\be_lektur\\controllers\\userController.js","statementMap":{"0":{"start":{"line":1,"column":12},"end":{"line":1,"column":35}},"1":{"start":{"line":2,"column":33},"end":{"line":2,"column":53}},"2":{"start":{"line":3,"column":15},"end":{"line":3,"column":32}},"3":{"start":{"line":4,"column":21},"end":{"line":4,"column":53}},"4":{"start":{"line":5,"column":21},"end":{"line":5,"column":44}},"5":{"start":{"line":6,"column":17},"end":{"line":6,"column":45}},"6":{"start":{"line":7,"column":19},"end":{"line":7,"column":40}},"7":{"start":{"line":9,"column":0},"end":{"line":426,"column":2}},"8":{"start":{"line":11,"column":48},"end":{"line":11,"column":56}},"9":{"start":{"line":12,"column":4},"end":{"line":128,"column":5}},"10":{"start":{"line":13,"column":6},"end":{"line":125,"column":7}},"11":{"start":{"line":14,"column":22},"end":{"line":18,"column":10}},"12":{"start":{"line":19,"column":8},"end":{"line":25,"column":9}},"13":{"start":{"line":20,"column":10},"end":{"line":24,"column":13}},"14":{"start":{"line":26,"column":31},"end":{"line":26,"column":62}},"15":{"start":{"line":27,"column":21},"end":{"line":32,"column":10}},"16":{"start":{"line":33,"column":22},"end":{"line":40,"column":9}},"17":{"start":{"line":41,"column":8},"end":{"line":51,"column":10}},"18":{"start":{"line":52,"column":8},"end":{"line":65,"column":11}},"19":{"start":{"line":66,"column":13},"end":{"line":125,"column":7}},"20":{"start":{"line":67,"column":22},"end":{"line":71,"column":10}},"21":{"start":{"line":72,"column":8},"end":{"line":78,"column":9}},"22":{"start":{"line":73,"column":10},"end":{"line":77,"column":13}},"23":{"start":{"line":79,"column":31},"end":{"line":79,"column":62}},"24":{"start":{"line":80,"column":21},"end":{"line":85,"column":10}},"25":{"start":{"line":86,"column":22},"end":{"line":93,"column":9}},"26":{"start":{"line":94,"column":8},"end":{"line":104,"column":10}},"27":{"start":{"line":105,"column":8},"end":{"line":118,"column":11}},"28":{"start":{"line":120,"column":8},"end":{"line":124,"column":11}},"29":{"start":{"line":127,"column":6},"end":{"line":127,"column":31}},"30":{"start":{"line":131,"column":32},"end":{"line":131,"column":40}},"31":{"start":{"line":132,"column":4},"end":{"line":178,"column":5}},"32":{"start":{"line":133,"column":19},"end":{"line":137,"column":8}},"33":{"start":{"line":138,"column":6},"end":{"line":144,"column":7}},"34":{"start":{"line":139,"column":8},"end":{"line":143,"column":11}},"35":{"start":{"line":145,"column":20},"end":{"line":145,"column":65}},"36":{"start":{"line":146,"column":6},"end":{"line":152,"column":7}},"37":{"start":{"line":147,"column":8},"end":{"line":151,"column":11}},"38":{"start":{"line":153,"column":20},"end":{"line":160,"column":7}},"39":{"start":{"line":162,"column":6},"end":{"line":175,"column":9}},"40":{"start":{"line":177,"column":6},"end":{"line":177,"column":31}},"41":{"start":{"line":181,"column":22},"end":{"line":181,"column":30}},"42":{"start":{"line":182,"column":4},"end":{"line":214,"column":5}},"43":{"start":{"line":183,"column":19},"end":{"line":187,"column":8}},"44":{"start":{"line":188,"column":6},"end":{"line":194,"column":7}},"45":{"start":{"line":189,"column":8},"end":{"line":193,"column":11}},"46":{"start":{"line":195,"column":28},"end":{"line":199,"column":8}},"47":{"start":{"line":200,"column":6},"end":{"line":206,"column":8}},"48":{"start":{"line":207,"column":6},"end":{"line":211,"column":9}},"49":{"start":{"line":213,"column":6},"end":{"line":213,"column":31}},"50":{"start":{"line":217,"column":41},"end":{"line":217,"column":49}},"51":{"start":{"line":218,"column":4},"end":{"line":254,"column":5}},"52":{"start":{"line":219,"column":23},"end":{"line":224,"column":8}},"53":{"start":{"line":225,"column":6},"end":{"line":231,"column":7}},"54":{"start":{"line":226,"column":8},"end":{"line":230,"column":11}},"55":{"start":{"line":232,"column":27},"end":{"line":232,"column":58}},"56":{"start":{"line":234,"column":6},"end":{"line":237,"column":8}},"57":{"start":{"line":238,"column":6},"end":{"line":245,"column":8}},"58":{"start":{"line":247,"column":6},"end":{"line":251,"column":9}},"59":{"start":{"line":253,"column":6},"end":{"line":253,"column":31}},"60":{"start":{"line":257,"column":4},"end":{"line":272,"column":5}},"61":{"start":{"line":258,"column":20},"end":{"line":261,"column":7}},"62":{"start":{"line":262,"column":20},"end":{"line":262,"column":63}},"63":{"start":{"line":263,"column":6},"end":{"line":269,"column":9}},"64":{"start":{"line":271,"column":6},"end":{"line":271,"column":31}},"65":{"start":{"line":275,"column":4},"end":{"line":290,"column":5}},"66":{"start":{"line":276,"column":20},"end":{"line":279,"column":7}},"67":{"start":{"line":280,"column":20},"end":{"line":280,"column":63}},"68":{"start":{"line":281,"column":6},"end":{"line":287,"column":9}},"69":{"start":{"line":289,"column":6},"end":{"line":289,"column":31}},"70":{"start":{"line":293,"column":4},"end":{"line":304,"column":5}},"71":{"start":{"line":294,"column":19},"end":{"line":296,"column":8}},"72":{"start":{"line":297,"column":6},"end":{"line":301,"column":9}},"73":{"start":{"line":303,"column":6},"end":{"line":303,"column":31}},"74":{"start":{"line":307,"column":4},"end":{"line":336,"column":5}},"75":{"start":{"line":308,"column":34},"end":{"line":308,"column":42}},"76":{"start":{"line":309,"column":21},"end":{"line":315,"column":7}},"77":{"start":{"line":316,"column":6},"end":{"line":322,"column":7}},"78":{"start":{"line":317,"column":8},"end":{"line":321,"column":11}},"79":{"start":{"line":323,"column":20},"end":{"line":328,"column":8}},"80":{"start":{"line":329,"column":6},"end":{"line":333,"column":9}},"81":{"start":{"line":335,"column":6},"end":{"line":335,"column":31}},"82":{"start":{"line":339,"column":4},"end":{"line":369,"column":5}},"83":{"start":{"line":340,"column":19},"end":{"line":340,"column":27}},"84":{"start":{"line":341,"column":19},"end":{"line":346,"column":7}},"85":{"start":{"line":347,"column":6},"end":{"line":353,"column":7}},"86":{"start":{"line":348,"column":8},"end":{"line":352,"column":11}},"87":{"start":{"line":354,"column":20},"end":{"line":361,"column":8}},"88":{"start":{"line":362,"column":6},"end":{"line":366,"column":9}},"89":{"start":{"line":368,"column":6},"end":{"line":368,"column":31}},"90":{"start":{"line":372,"column":4},"end":{"line":392,"column":5}},"91":{"start":{"line":373,"column":24},"end":{"line":373,"column":56}},"92":{"start":{"line":374,"column":24},"end":{"line":374,"column":46}},"93":{"start":{"line":375,"column":6},"end":{"line":375,"column":58}},"94":{"start":{"line":376,"column":6},"end":{"line":384,"column":8}},"95":{"start":{"line":385,"column":6},"end":{"line":389,"column":9}},"96":{"start":{"line":391,"column":6},"end":{"line":391,"column":31}},"97":{"start":{"line":395,"column":4},"end":{"line":424,"column":5}},"98":{"start":{"line":396,"column":43},"end":{"line":396,"column":57}},"99":{"start":{"line":397,"column":27},"end":{"line":399,"column":8}},"100":{"start":{"line":400,"column":19},"end":{"line":400,"column":60}},"101":{"start":{"line":401,"column":6},"end":{"line":406,"column":11}},"102":{"start":{"line":402,"column":8},"end":{"line":406,"column":11}},"103":{"start":{"line":407,"column":22},"end":{"line":416,"column":7}},"104":{"start":{"line":417,"column":6},"end":{"line":421,"column":9}},"105":{"start":{"line":423,"column":6},"end":{"line":423,"column":31}}},"fnMap":{"0":{"name":"(anonymous_0)","decl":{"start":{"line":10,"column":12},"end":{"line":10,"column":13}},"loc":{"start":{"line":10,"column":32},"end":{"line":129,"column":3}},"line":10},"1":{"name":"(anonymous_1)","decl":{"start":{"line":130,"column":9},"end":{"line":130,"column":10}},"loc":{"start":{"line":130,"column":29},"end":{"line":179,"column":3}},"line":130},"2":{"name":"(anonymous_2)","decl":{"start":{"line":180,"column":18},"end":{"line":180,"column":19}},"loc":{"start":{"line":180,"column":38},"end":{"line":215,"column":3}},"line":180},"3":{"name":"(anonymous_3)","decl":{"start":{"line":216,"column":17},"end":{"line":216,"column":18}},"loc":{"start":{"line":216,"column":37},"end":{"line":255,"column":3}},"line":216},"4":{"name":"(anonymous_4)","decl":{"start":{"line":256,"column":15},"end":{"line":256,"column":16}},"loc":{"start":{"line":256,"column":35},"end":{"line":273,"column":3}},"line":256},"5":{"name":"(anonymous_5)","decl":{"start":{"line":274,"column":17},"end":{"line":274,"column":18}},"loc":{"start":{"line":274,"column":37},"end":{"line":291,"column":3}},"line":274},"6":{"name":"(anonymous_6)","decl":{"start":{"line":292,"column":20},"end":{"line":292,"column":21}},"loc":{"start":{"line":292,"column":40},"end":{"line":305,"column":3}},"line":292},"7":{"name":"(anonymous_7)","decl":{"start":{"line":306,"column":15},"end":{"line":306,"column":16}},"loc":{"start":{"line":306,"column":35},"end":{"line":337,"column":3}},"line":306},"8":{"name":"(anonymous_8)","decl":{"start":{"line":338,"column":15},"end":{"line":338,"column":16}},"loc":{"start":{"line":338,"column":35},"end":{"line":370,"column":3}},"line":338},"9":{"name":"(anonymous_9)","decl":{"start":{"line":371,"column":15},"end":{"line":371,"column":16}},"loc":{"start":{"line":371,"column":35},"end":{"line":393,"column":3}},"line":371},"10":{"name":"(anonymous_10)","decl":{"start":{"line":394,"column":18},"end":{"line":394,"column":19}},"loc":{"start":{"line":394,"column":38},"end":{"line":425,"column":3}},"line":394}},"branchMap":{"0":{"loc":{"start":{"line":13,"column":6},"end":{"line":125,"column":7}},"type":"if","locations":[{"start":{"line":13,"column":6},"end":{"line":125,"column":7}},{"start":{"line":66,"column":13},"end":{"line":125,"column":7}}],"line":13},"1":{"loc":{"start":{"line":19,"column":8},"end":{"line":25,"column":9}},"type":"if","locations":[{"start":{"line":19,"column":8},"end":{"line":25,"column":9}},{"start":{},"end":{}}],"line":19},"2":{"loc":{"start":{"line":66,"column":13},"end":{"line":125,"column":7}},"type":"if","locations":[{"start":{"line":66,"column":13},"end":{"line":125,"column":7}},{"start":{"line":119,"column":13},"end":{"line":125,"column":7}}],"line":66},"3":{"loc":{"start":{"line":72,"column":8},"end":{"line":78,"column":9}},"type":"if","locations":[{"start":{"line":72,"column":8},"end":{"line":78,"column":9}},{"start":{},"end":{}}],"line":72},"4":{"loc":{"start":{"line":138,"column":6},"end":{"line":144,"column":7}},"type":"if","locations":[{"start":{"line":138,"column":6},"end":{"line":144,"column":7}},{"start":{},"end":{}}],"line":138},"5":{"loc":{"start":{"line":146,"column":6},"end":{"line":152,"column":7}},"type":"if","locations":[{"start":{"line":146,"column":6},"end":{"line":152,"column":7}},{"start":{},"end":{}}],"line":146},"6":{"loc":{"start":{"line":188,"column":6},"end":{"line":194,"column":7}},"type":"if","locations":[{"start":{"line":188,"column":6},"end":{"line":194,"column":7}},{"start":{},"end":{}}],"line":188},"7":{"loc":{"start":{"line":225,"column":6},"end":{"line":231,"column":7}},"type":"if","locations":[{"start":{"line":225,"column":6},"end":{"line":231,"column":7}},{"start":{},"end":{}}],"line":225},"8":{"loc":{"start":{"line":316,"column":6},"end":{"line":322,"column":7}},"type":"if","locations":[{"start":{"line":316,"column":6},"end":{"line":322,"column":7}},{"start":{},"end":{}}],"line":316},"9":{"loc":{"start":{"line":347,"column":6},"end":{"line":353,"column":7}},"type":"if","locations":[{"start":{"line":347,"column":6},"end":{"line":353,"column":7}},{"start":{},"end":{}}],"line":347},"10":{"loc":{"start":{"line":401,"column":6},"end":{"line":406,"column":11}},"type":"if","locations":[{"start":{"line":401,"column":6},"end":{"line":406,"column":11}},{"start":{},"end":{}}],"line":401}},"s":{"0":4,"1":4,"2":4,"3":4,"4":4,"5":4,"6":4,"7":4,"8":5,"9":5,"10":5,"11":2,"12":2,"13":1,"14":1,"15":1,"16":1,"17":1,"18":1,"19":3,"20":2,"21":2,"22":1,"23":1,"24":1,"25":1,"26":1,"27":1,"28":1,"29":0,"30":16,"31":16,"32":16,"33":16,"34":1,"35":15,"36":15,"37":1,"38":14,"39":14,"40":0,"41":0,"42":0,"43":0,"44":0,"45":0,"46":0,"47":0,"48":0,"49":0,"50":0,"51":0,"52":0,"53":0,"54":0,"55":0,"56":0,"57":0,"58":0,"59":0,"60":0,"61":0,"62":0,"63":0,"64":0,"65":0,"66":0,"67":0,"68":0,"69":0,"70":1,"71":1,"72":1,"73":0,"74":1,"75":1,"76":1,"77":1,"78":0,"79":1,"80":1,"81":0,"82":1,"83":1,"84":1,"85":1,"86":0,"87":1,"88":1,"89":0,"90":1,"91":1,"92":1,"93":1,"94":1,"95":1,"96":0,"97":0,"98":0,"99":0,"100":0,"101":0,"102":0,"103":0,"104":0,"105":0},"f":{"0":5,"1":16,"2":0,"3":0,"4":0,"5":0,"6":1,"7":1,"8":1,"9":1,"10":0},"b":{"0":[2,3],"1":[1,1],"2":[2,1],"3":[1,1],"4":[1,15],"5":[1,14],"6":[0,0],"7":[0,0],"8":[0,1],"9":[0,1],"10":[0,0]},"_coverageSchema":"1a1c01bbd47fc00a2c39e90264f33305004495a9","hash":"17c3e00884c89f4f884403848ce71df1d437eeb0"}
,"C:\\Users\\Rikhi\\Desktop\\Lektur-apps\\be_lektur\\helpers\\joi-schema.js": {"path":"C:\\Users\\Rikhi\\Desktop\\Lektur-apps\\be_lektur\\helpers\\joi-schema.js","statementMap":{"0":{"start":{"line":1,"column":12},"end":{"line":1,"column":26}},"1":{"start":{"line":3,"column":0},"end":{"line":34,"column":2}}},"fnMap":{},"branchMap":{},"s":{"0":4,"1":4},"f":{},"b":{},"_coverageSchema":"1a1c01bbd47fc00a2c39e90264f33305004495a9","hash":"46f6ca237c425eb6d5ea6a0e599a53eb528580f3"}
,"C:\\Users\\Rikhi\\Desktop\\Lektur-apps\\be_lektur\\helpers\\passport.js": {"path":"C:\\Users\\Rikhi\\Desktop\\Lektur-apps\\be_lektur\\helpers\\passport.js","statementMap":{"0":{"start":{"line":1,"column":17},"end":{"line":1,"column":36}},"1":{"start":{"line":2,"column":23},"end":{"line":2,"column":66}},"2":{"start":{"line":3,"column":25},"end":{"line":3,"column":62}},"3":{"start":{"line":4,"column":17},"end":{"line":4,"column":37}},"4":{"start":{"line":5,"column":16},"end":{"line":5,"column":51}},"5":{"start":{"line":7,"column":0},"end":{"line":24,"column":2}},"6":{"start":{"line":17,"column":19},"end":{"line":20,"column":8}},"7":{"start":{"line":21,"column":6},"end":{"line":21,"column":21}},"8":{"start":{"line":26,"column":0},"end":{"line":44,"column":2}},"9":{"start":{"line":36,"column":6},"end":{"line":36,"column":27}},"10":{"start":{"line":37,"column":19},"end":{"line":40,"column":8}},"11":{"start":{"line":41,"column":6},"end":{"line":41,"column":21}}},"fnMap":{"0":{"name":"(anonymous_0)","decl":{"start":{"line":16,"column":4},"end":{"line":16,"column":5}},"loc":{"start":{"line":16,"column":60},"end":{"line":22,"column":5}},"line":16},"1":{"name":"(anonymous_1)","decl":{"start":{"line":35,"column":4},"end":{"line":35,"column":5}},"loc":{"start":{"line":35,"column":60},"end":{"line":42,"column":5}},"line":35}},"branchMap":{},"s":{"0":4,"1":4,"2":4,"3":4,"4":4,"5":4,"6":0,"7":0,"8":4,"9":0,"10":0,"11":0},"f":{"0":0,"1":0},"b":{},"_coverageSchema":"1a1c01bbd47fc00a2c39e90264f33305004495a9","hash":"3334c0b1b24a9d0c78a65b8dfcbd0fc904fb9ef9"}
,"C:\\Users\\Rikhi\\Desktop\\Lektur-apps\\be_lektur\\middlewares\\auth.js": {"path":"C:\\Users\\Rikhi\\Desktop\\Lektur-apps\\be_lektur\\middlewares\\auth.js","statementMap":{"0":{"start":{"line":1,"column":17},"end":{"line":1,"column":37}},"1":{"start":{"line":2,"column":12},"end":{"line":2,"column":35}},"2":{"start":{"line":4,"column":0},"end":{"line":83,"column":2}},"3":{"start":{"line":6,"column":4},"end":{"line":35,"column":5}},"4":{"start":{"line":7,"column":18},"end":{"line":7,"column":45}},"5":{"start":{"line":8,"column":6},"end":{"line":13,"column":7}},"6":{"start":{"line":9,"column":8},"end":{"line":12,"column":11}},"7":{"start":{"line":14,"column":6},"end":{"line":14,"column":43}},"8":{"start":{"line":15,"column":22},"end":{"line":15,"column":65}},"9":{"start":{"line":16,"column":19},"end":{"line":20,"column":8}},"10":{"start":{"line":21,"column":6},"end":{"line":26,"column":7}},"11":{"start":{"line":22,"column":8},"end":{"line":25,"column":11}},"12":{"start":{"line":27,"column":6},"end":{"line":31,"column":8}},"13":{"start":{"line":32,"column":6},"end":{"line":32,"column":13}},"14":{"start":{"line":34,"column":6},"end":{"line":34,"column":16}},"15":{"start":{"line":38,"column":4},"end":{"line":81,"column":5}},"16":{"start":{"line":39,"column":18},"end":{"line":39,"column":45}},"17":{"start":{"line":40,"column":6},"end":{"line":46,"column":7}},"18":{"start":{"line":41,"column":8},"end":{"line":45,"column":11}},"19":{"start":{"line":47,"column":6},"end":{"line":47,"column":43}},"20":{"start":{"line":48,"column":22},"end":{"line":48,"column":65}},"21":{"start":{"line":50,"column":19},"end":{"line":54,"column":8}},"22":{"start":{"line":55,"column":6},"end":{"line":61,"column":7}},"23":{"start":{"line":56,"column":8},"end":{"line":60,"column":11}},"24":{"start":{"line":62,"column":6},"end":{"line":68,"column":7}},"25":{"start":{"line":63,"column":8},"end":{"line":67,"column":11}},"26":{"start":{"line":69,"column":6},"end":{"line":73,"column":8}},"27":{"start":{"line":74,"column":6},"end":{"line":74,"column":13}},"28":{"start":{"line":76,"column":6},"end":{"line":80,"column":9}}},"fnMap":{"0":{"name":"(anonymous_0)","decl":{"start":{"line":5,"column":11},"end":{"line":5,"column":12}},"loc":{"start":{"line":5,"column":37},"end":{"line":36,"column":3}},"line":5},"1":{"name":"(anonymous_1)","decl":{"start":{"line":37,"column":13},"end":{"line":37,"column":14}},"loc":{"start":{"line":37,"column":39},"end":{"line":82,"column":3}},"line":37}},"branchMap":{"0":{"loc":{"start":{"line":8,"column":6},"end":{"line":13,"column":7}},"type":"if","locations":[{"start":{"line":8,"column":6},"end":{"line":13,"column":7}},{"start":{},"end":{}}],"line":8},"1":{"loc":{"start":{"line":21,"column":6},"end":{"line":26,"column":7}},"type":"if","locations":[{"start":{"line":21,"column":6},"end":{"line":26,"column":7}},{"start":{},"end":{}}],"line":21},"2":{"loc":{"start":{"line":40,"column":6},"end":{"line":46,"column":7}},"type":"if","locations":[{"start":{"line":40,"column":6},"end":{"line":46,"column":7}},{"start":{},"end":{}}],"line":40},"3":{"loc":{"start":{"line":55,"column":6},"end":{"line":61,"column":7}},"type":"if","locations":[{"start":{"line":55,"column":6},"end":{"line":61,"column":7}},{"start":{},"end":{}}],"line":55},"4":{"loc":{"start":{"line":62,"column":6},"end":{"line":68,"column":7}},"type":"if","locations":[{"start":{"line":62,"column":6},"end":{"line":68,"column":7}},{"start":{},"end":{}}],"line":62}},"s":{"0":4,"1":4,"2":4,"3":4,"4":4,"5":4,"6":0,"7":4,"8":4,"9":4,"10":4,"11":0,"12":4,"13":4,"14":0,"15":12,"16":12,"17":12,"18":0,"19":12,"20":12,"21":12,"22":12,"23":0,"24":12,"25":0,"26":12,"27":12,"28":0},"f":{"0":4,"1":12},"b":{"0":[0,4],"1":[0,4],"2":[0,12],"3":[0,12],"4":[0,12]},"_coverageSchema":"1a1c01bbd47fc00a2c39e90264f33305004495a9","hash":"a7340fc85197c1e74d2dd7c7539e1cc18bb8b189"}
,"C:\\Users\\Rikhi\\Desktop\\Lektur-apps\\be_lektur\\middlewares\\upload-files.js": {"path":"C:\\Users\\Rikhi\\Desktop\\Lektur-apps\\be_lektur\\middlewares\\upload-files.js","statementMap":{"0":{"start":{"line":1,"column":15},"end":{"line":1,"column":32}},"1":{"start":{"line":2,"column":30},"end":{"line":2,"column":66}},"2":{"start":{"line":3,"column":19},"end":{"line":3,"column":50}},"3":{"start":{"line":5,"column":0},"end":{"line":62,"column":2}},"4":{"start":{"line":7,"column":20},"end":{"line":16,"column":6}},"5":{"start":{"line":10,"column":8},"end":{"line":14,"column":10}},"6":{"start":{"line":18,"column":24},"end":{"line":23,"column":5}},"7":{"start":{"line":19,"column":6},"end":{"line":21,"column":7}},"8":{"start":{"line":20,"column":8},"end":{"line":20,"column":70}},"9":{"start":{"line":22,"column":6},"end":{"line":22,"column":21}},"10":{"start":{"line":25,"column":24},"end":{"line":30,"column":5}},"11":{"start":{"line":26,"column":6},"end":{"line":28,"column":7}},"12":{"start":{"line":27,"column":8},"end":{"line":27,"column":70}},"13":{"start":{"line":29,"column":6},"end":{"line":29,"column":21}},"14":{"start":{"line":32,"column":22},"end":{"line":37,"column":5}},"15":{"start":{"line":33,"column":6},"end":{"line":35,"column":7}},"16":{"start":{"line":34,"column":8},"end":{"line":34,"column":68}},"17":{"start":{"line":36,"column":6},"end":{"line":36,"column":21}},"18":{"start":{"line":39,"column":19},"end":{"line":47,"column":24}},"19":{"start":{"line":49,"column":4},"end":{"line":60,"column":6}},"20":{"start":{"line":50,"column":6},"end":{"line":59,"column":9}},"21":{"start":{"line":51,"column":8},"end":{"line":57,"column":9}},"22":{"start":{"line":52,"column":10},"end":{"line":56,"column":13}},"23":{"start":{"line":58,"column":8},"end":{"line":58,"column":15}}},"fnMap":{"0":{"name":"(anonymous_0)","decl":{"start":{"line":6,"column":15},"end":{"line":6,"column":16}},"loc":{"start":{"line":6,"column":36},"end":{"line":61,"column":3}},"line":6},"1":{"name":"(anonymous_1)","decl":{"start":{"line":9,"column":14},"end":{"line":9,"column":15}},"loc":{"start":{"line":9,"column":29},"end":{"line":15,"column":7}},"line":9},"2":{"name":"(anonymous_2)","decl":{"start":{"line":18,"column":24},"end":{"line":18,"column":25}},"loc":{"start":{"line":18,"column":43},"end":{"line":23,"column":5}},"line":18},"3":{"name":"(anonymous_3)","decl":{"start":{"line":25,"column":24},"end":{"line":25,"column":25}},"loc":{"start":{"line":25,"column":43},"end":{"line":30,"column":5}},"line":25},"4":{"name":"(anonymous_4)","decl":{"start":{"line":32,"column":22},"end":{"line":32,"column":23}},"loc":{"start":{"line":32,"column":41},"end":{"line":37,"column":5}},"line":32},"5":{"name":"(anonymous_5)","decl":{"start":{"line":49,"column":11},"end":{"line":49,"column":12}},"loc":{"start":{"line":49,"column":31},"end":{"line":60,"column":5}},"line":49},"6":{"name":"(anonymous_6)","decl":{"start":{"line":50,"column":23},"end":{"line":50,"column":24}},"loc":{"start":{"line":50,"column":32},"end":{"line":59,"column":7}},"line":50}},"branchMap":{"0":{"loc":{"start":{"line":19,"column":6},"end":{"line":21,"column":7}},"type":"if","locations":[{"start":{"line":19,"column":6},"end":{"line":21,"column":7}},{"start":{},"end":{}}],"line":19},"1":{"loc":{"start":{"line":26,"column":6},"end":{"line":28,"column":7}},"type":"if","locations":[{"start":{"line":26,"column":6},"end":{"line":28,"column":7}},{"start":{},"end":{}}],"line":26},"2":{"loc":{"start":{"line":33,"column":6},"end":{"line":35,"column":7}},"type":"if","locations":[{"start":{"line":33,"column":6},"end":{"line":35,"column":7}},{"start":{},"end":{}}],"line":33},"3":{"loc":{"start":{"line":42,"column":8},"end":{"line":46,"column":21}},"type":"cond-expr","locations":[{"start":{"line":43,"column":12},"end":{"line":43,"column":23}},{"start":{"line":44,"column":12},"end":{"line":46,"column":21}}],"line":42},"4":{"loc":{"start":{"line":44,"column":12},"end":{"line":46,"column":21}},"type":"cond-expr","locations":[{"start":{"line":45,"column":12},"end":{"line":45,"column":23}},{"start":{"line":46,"column":12},"end":{"line":46,"column":21}}],"line":44},"5":{"loc":{"start":{"line":51,"column":8},"end":{"line":57,"column":9}},"type":"if","locations":[{"start":{"line":51,"column":8},"end":{"line":57,"column":9}},{"start":{},"end":{}}],"line":51}},"s":{"0":4,"1":4,"2":4,"3":4,"4":28,"5":7,"6":28,"7":4,"8":0,"9":4,"10":28,"11":2,"12":0,"13":2,"14":28,"15":1,"16":0,"17":1,"18":28,"19":28,"20":10,"21":9,"22":0,"23":9},"f":{"0":28,"1":7,"2":4,"3":2,"4":1,"5":10,"6":9},"b":{"0":[0,4],"1":[0,2],"2":[0,1],"3":[12,16],"4":[8,8],"5":[0,9]},"_coverageSchema":"1a1c01bbd47fc00a2c39e90264f33305004495a9","hash":"b184e61b1765aedc7a3f9cabc7d371167fc4a54e"}
,"C:\\Users\\Rikhi\\Desktop\\Lektur-apps\\be_lektur\\middlewares\\validator.js": {"path":"C:\\Users\\Rikhi\\Desktop\\Lektur-apps\\be_lektur\\middlewares\\validator.js","statementMap":{"0":{"start":{"line":1,"column":21},"end":{"line":1,"column":53}},"1":{"start":{"line":3,"column":0},"end":{"line":18,"column":2}},"2":{"start":{"line":4,"column":2},"end":{"line":17,"column":4}},"3":{"start":{"line":5,"column":4},"end":{"line":16,"column":5}},"4":{"start":{"line":6,"column":19},"end":{"line":6,"column":27}},"5":{"start":{"line":7,"column":24},"end":{"line":7,"column":45}},"6":{"start":{"line":8,"column":6},"end":{"line":12,"column":11}},"7":{"start":{"line":9,"column":8},"end":{"line":12,"column":11}},"8":{"start":{"line":13,"column":6},"end":{"line":13,"column":13}},"9":{"start":{"line":15,"column":6},"end":{"line":15,"column":31}}},"fnMap":{"0":{"name":"(anonymous_0)","decl":{"start":{"line":3,"column":26},"end":{"line":3,"column":27}},"loc":{"start":{"line":3,"column":38},"end":{"line":18,"column":1}},"line":3},"1":{"name":"(anonymous_1)","decl":{"start":{"line":4,"column":9},"end":{"line":4,"column":10}},"loc":{"start":{"line":4,"column":29},"end":{"line":17,"column":3}},"line":4}},"branchMap":{"0":{"loc":{"start":{"line":8,"column":6},"end":{"line":12,"column":11}},"type":"if","locations":[{"start":{"line":8,"column":6},"end":{"line":12,"column":11}},{"start":{},"end":{}}],"line":8}},"s":{"0":4,"1":4,"2":16,"3":22,"4":22,"5":22,"6":22,"7":0,"8":22,"9":0},"f":{"0":16,"1":22},"b":{"0":[0,22]},"_coverageSchema":"1a1c01bbd47fc00a2c39e90264f33305004495a9","hash":"b087d62e36404ac2165501e9ee34646ab859575e"}
,"C:\\Users\\Rikhi\\Desktop\\Lektur-apps\\be_lektur\\models\\assessment.js": {"path":"C:\\Users\\Rikhi\\Desktop\\Lektur-apps\\be_lektur\\models\\assessment.js","statementMap":{"0":{"start":{"line":2,"column":18},"end":{"line":2,"column":38}},"1":{"start":{"line":3,"column":0},"end":{"line":28,"column":2}},"2":{"start":{"line":12,"column":6},"end":{"line":15,"column":9}},"3":{"start":{"line":18,"column":2},"end":{"line":26,"column":4}},"4":{"start":{"line":27,"column":2},"end":{"line":27,"column":20}}},"fnMap":{"0":{"name":"(anonymous_0)","decl":{"start":{"line":3,"column":17},"end":{"line":3,"column":18}},"loc":{"start":{"line":3,"column":43},"end":{"line":28,"column":1}},"line":3},"1":{"name":"(anonymous_1)","decl":{"start":{"line":10,"column":4},"end":{"line":10,"column":5}},"loc":{"start":{"line":10,"column":29},"end":{"line":16,"column":5}},"line":10}},"branchMap":{},"s":{"0":4,"1":4,"2":4,"3":4,"4":4},"f":{"0":4,"1":4},"b":{},"_coverageSchema":"1a1c01bbd47fc00a2c39e90264f33305004495a9","hash":"ee8eff77a3dac319dca1a9037e77f558142d350a"}
,"C:\\Users\\Rikhi\\Desktop\\Lektur-apps\\be_lektur\\models\\category.js": {"path":"C:\\Users\\Rikhi\\Desktop\\Lektur-apps\\be_lektur\\models\\category.js","statementMap":{"0":{"start":{"line":2,"column":18},"end":{"line":2,"column":38}},"1":{"start":{"line":3,"column":0},"end":{"line":28,"column":2}},"2":{"start":{"line":12,"column":6},"end":{"line":15,"column":9}},"3":{"start":{"line":18,"column":2},"end":{"line":26,"column":4}},"4":{"start":{"line":27,"column":2},"end":{"line":27,"column":18}}},"fnMap":{"0":{"name":"(anonymous_0)","decl":{"start":{"line":3,"column":17},"end":{"line":3,"column":18}},"loc":{"start":{"line":3,"column":43},"end":{"line":28,"column":1}},"line":3},"1":{"name":"(anonymous_1)","decl":{"start":{"line":10,"column":4},"end":{"line":10,"column":5}},"loc":{"start":{"line":10,"column":29},"end":{"line":16,"column":5}},"line":10}},"branchMap":{},"s":{"0":4,"1":4,"2":4,"3":4,"4":4},"f":{"0":4,"1":4},"b":{},"_coverageSchema":"1a1c01bbd47fc00a2c39e90264f33305004495a9","hash":"64d7a97a2f871626b6ddd54a83d0de1cb32a24f8"}
,"C:\\Users\\Rikhi\\Desktop\\Lektur-apps\\be_lektur\\models\\content.js": {"path":"C:\\Users\\Rikhi\\Desktop\\Lektur-apps\\be_lektur\\models\\content.js","statementMap":{"0":{"start":{"line":2,"column":18},"end":{"line":2,"column":38}},"1":{"start":{"line":3,"column":0},"end":{"line":35,"column":2}},"2":{"start":{"line":12,"column":6},"end":{"line":15,"column":9}},"3":{"start":{"line":16,"column":6},"end":{"line":19,"column":9}},"4":{"start":{"line":22,"column":2},"end":{"line":33,"column":4}},"5":{"start":{"line":34,"column":2},"end":{"line":34,"column":17}}},"fnMap":{"0":{"name":"(anonymous_0)","decl":{"start":{"line":3,"column":17},"end":{"line":3,"column":18}},"loc":{"start":{"line":3,"column":43},"end":{"line":35,"column":1}},"line":3},"1":{"name":"(anonymous_1)","decl":{"start":{"line":10,"column":4},"end":{"line":10,"column":5}},"loc":{"start":{"line":10,"column":29},"end":{"line":20,"column":5}},"line":10}},"branchMap":{},"s":{"0":4,"1":4,"2":4,"3":4,"4":4,"5":4},"f":{"0":4,"1":4},"b":{},"_coverageSchema":"1a1c01bbd47fc00a2c39e90264f33305004495a9","hash":"f725fbc807fac3be1eb4d5f9f2e330822ac31268"}
[...]
,"C:\\Users\\Rikhi\\Desktop\\Lektur-apps\\be_lektur\\models\\studentcourse.js": {"path":"C:\\Users\\Rikhi\\Desktop\\Lektur-apps\\be_lektur\\models\\studentcourse.js","statementMap":{"0":{"start":{"line":2,"column":18},"end":{"line":2,"column":38}},"1":{"start":{"line":3,"column":0},"end":{"line":35,"column":2}},"2":{"start":{"line":12,"column":6},"end":{"line":15,"column":9}},"3":{"start":{"line":16,"column":6},"end":{"line":19,"column":9}},"4":{"start":{"line":22,"column":2},"end":{"line":33,"column":4}},"5":{"start":{"line":34,"column":2},"end":{"line":34,"column":23}}},"fnMap":{"0":{"name":"(anonymous_0)","decl":{"start":{"line":3,"column":17},"end":{"line":3,"column":18}},"loc":{"start":{"line":3,"column":43},"end":{"line":35,"column":1}},"line":3},"1":{"name":"(anonymous_1)","decl":{"start":{"line":10,"column":4},"end":{"line":10,"column":5}},"loc":{"start":{"line":10,"column":29},"end":{"line":20,"column":5}},"line":10}},"branchMap":{},"s":{"0":4,"1":4,"2":4,"3":4,"4":4,"5":4},"f":{"0":4,"1":4},"b":{},"_coverageSchema":"1a1c01bbd47fc00a2c39e90264f33305004495a9","hash":"4eac5af9d5a6cb2e54deab340dd6236124b8d456"}
,"C:\\Users\\Rikhi\\Desktop\\Lektur-apps\\be_lektur\\models\\studentquestion.js": {"path":"C:\\Users\\Rikhi\\Desktop\\Lektur-apps\\be_lektur\\models\\studentquestion.js","statementMap":{"0":{"start":{"line":2,"column":18},"end":{"line":2,"column":38}},"1":{"start":{"line":3,"column":0},"end":{"line":39,"column":2}},"2":{"start":{"line":13,"column":6},"end":{"line":16,"column":9}},"3":{"start":{"line":17,"column":6},"end":{"line":20,"column":9}},"4":{"start":{"line":21,"column":6},"end":{"line":24,"column":9}},"5":{"start":{"line":27,"column":2},"end":{"line":37,"column":4}},"6":{"start":{"line":38,"column":2},"end":{"line":38,"column":25}}},"fnMap":{"0":{"name":"(anonymous_0)","decl":{"start":{"line":3,"column":17},"end":{"line":3,"column":18}},"loc":{"start":{"line":3,"column":43},"end":{"line":39,"column":1}},"line":3},"1":{"name":"(anonymous_1)","decl":{"start":{"line":11,"column":4},"end":{"line":11,"column":5}},"loc":{"start":{"line":11,"column":29},"end":{"line":25,"column":5}},"line":11}},"branchMap":{},"s":{"0":4,"1":4,"2":4,"3":4,"4":4,"5":4,"6":4},"f":{"0":4,"1":4},"b":{},"_coverageSchema":"1a1c01bbd47fc00a2c39e90264f33305004495a9","hash":"8cfbc95189446d98a0134187ea51f52889d0a3a0"}
,"C:\\Users\\Rikhi\\Desktop\\Lektur-apps\\be_lektur\\models\\user.js": {"path":"C:\\Users\\Rikhi\\Desktop\\Lektur-apps\\be_lektur\\models\\user.js","statementMap":{"0":{"start":{"line":2,"column":18},"end":{"line":2,"column":38}},"1":{"start":{"line":3,"column":0},"end":{"line":44,"column":2}},"2":{"start":{"line":12,"column":6},"end":{"line":15,"column":9}},"3":{"start":{"line":16,"column":6},"end":{"line":19,"column":9}},"4":{"start":{"line":20,"column":6},"end":{"line":23,"column":9}},"5":{"start":{"line":24,"column":6},"end":{"line":27,"column":9}},"6":{"start":{"line":30,"column":2},"end":{"line":42,"column":4}},"7":{"start":{"line":43,"column":2},"end":{"line":43,"column":14}}},"fnMap":{"0":{"name":"(anonymous_0)","decl":{"start":{"line":3,"column":17},"end":{"line":3,"column":18}},"loc":{"start":{"line":3,"column":43},"end":{"line":44,"column":1}},"line":3},"1":{"name":"(anonymous_1)","decl":{"start":{"line":10,"column":4},"end":{"line":10,"column":5}},"loc":{"start":{"line":10,"column":29},"end":{"line":28,"column":5}},"line":10}},"branchMap":{},"s":{"0":4,"1":4,"2":4,"3":4,"4":4,"5":4,"6":4,"7":4},"f":{"0":4,"1":4},"b":{},"_coverageSchema":"1a1c01bbd47fc00a2c39e90264f33305004495a9","hash":"1898aa300a6289867c5d6304cafd374597411c31"}
,"C:\\Users\\Rikhi\\Desktop\\Lektur-apps\\be_lektur\\routes\\assessment.js": {"path":"C:\\Users\\Rikhi\\Desktop\\Lektur-apps\\be_lektur\\routes\\assessment.js","statementMap":{"0":{"start":{"line":1,"column":16},"end":{"line":1,"column":34}},"1":{"start":{"line":2,"column":15},"end":{"line":2,"column":31}},"2":{"start":{"line":3,"column":22},"end":{"line":3,"column":52}},"3":{"start":{"line":9,"column":4},"end":{"line":9,"column":50}},"4":{"start":{"line":11,"column":0},"end":{"line":11,"column":52}},"5":{"start":{"line":12,"column":0},"end":{"line":12,"column":54}},"6":{"start":{"line":13,"column":0},"end":{"line":13,"column":67}},"7":{"start":{"line":15,"column":0},"end":{"line":15,"column":24}}},"fnMap":{},"branchMap":{},"s":{"0":4,"1":4,"2":4,"3":4,"4":4,"5":4,"6":4,"7":4},"f":{},"b":{},"_coverageSchema":"1a1c01bbd47fc00a2c39e90264f33305004495a9","hash":"563564c0c8e360241f0e0f12f3ddee004ad18285"}
,"C:\\Users\\Rikhi\\Desktop\\Lektur-apps\\be_lektur\\routes\\content.js": {"path":"C:\\Users\\Rikhi\\Desktop\\Lektur-apps\\be_lektur\\routes\\content.js","statementMap":{"0":{"start":{"line":1,"column":16},"end":{"line":1,"column":34}},"1":{"start":{"line":2,"column":15},"end":{"line":2,"column":31}},"2":{"start":{"line":9,"column":4},"end":{"line":9,"column":47}},"3":{"start":{"line":10,"column":22},"end":{"line":10,"column":52}},"4":{"start":{"line":11,"column":24},"end":{"line":11,"column":62}},"5":{"start":{"line":13,"column":0},"end":{"line":13,"column":80}},"6":{"start":{"line":14,"column":0},"end":{"line":14,"column":34}},"7":{"start":{"line":15,"column":0},"end":{"line":15,"column":40}},"8":{"start":{"line":16,"column":0},"end":{"line":16,"column":77}},"9":{"start":{"line":17,"column":0},"end":{"line":17,"column":51}},"10":{"start":{"line":19,"column":0},"end":{"line":19,"column":24}}},"fnMap":{},"branchMap":{},"s":{"0":4,"1":4,"2":4,"3":4,"4":4,"5":4,"6":4,"7":4,"8":4,"9":4,"10":4},"f":{},"b":{},"_coverageSchema":"1a1c01bbd47fc00a2c39e90264f33305004495a9","hash":"60f4f5484bc9b084b2e428894f913fb0e67e16c9"}
,"C:\\Users\\Rikhi\\Desktop\\Lektur-apps\\be_lektur\\routes\\course.js": {"path":"C:\\Users\\Rikhi\\Desktop\\Lektur-apps\\be_lektur\\routes\\course.js","statementMap":{"0":{"start":{"line":1,"column":16},"end":{"line":1,"column":34}},"1":{"start":{"line":2,"column":15},"end":{"line":2,"column":31}},"2":{"start":{"line":9,"column":4},"end":{"line":9,"column":46}},"3":{"start":{"line":10,"column":22},"end":{"line":10,"column":52}},"4":{"start":{"line":11,"column":24},"end":{"line":11,"column":62}},"5":{"start":{"line":13,"column":0},"end":{"line":13,"column":79}},"6":{"start":{"line":14,"column":0},"end":{"line":14,"column":36}},"7":{"start":{"line":15,"column":0},"end":{"line":15,"column":39}},"8":{"start":{"line":16,"column":0},"end":{"line":16,"column":76}},"9":{"start":{"line":17,"column":0},"end":{"line":17,"column":50}},"10":{"start":{"line":19,"column":0},"end":{"line":19,"column":24}}},"fnMap":{},"branchMap":{},"s":{"0":4,"1":4,"2":4,"3":4,"4":4,"5":4,"6":4,"7":4,"8":4,"9":4,"10":4},"f":{},"b":{},"_coverageSchema":"1a1c01bbd47fc00a2c39e90264f33305004495a9","hash":"9f41b4c1d3bdff0cd45500a58f470c12f19a4473"}
,"C:\\Users\\Rikhi\\Desktop\\Lektur-apps\\be_lektur\\routes\\index.js": {"path":"C:\\Users\\Rikhi\\Desktop\\Lektur-apps\\be_lektur\\routes\\index.js","statementMap":{"0":{"start":{"line":1,"column":16},"end":{"line":1,"column":34}},"1":{"start":{"line":2,"column":15},"end":{"line":2,"column":31}},"2":{"start":{"line":3,"column":19},"end":{"line":3,"column":36}},"3":{"start":{"line":4,"column":21},"end":{"line":4,"column":40}},"4":{"start":{"line":5,"column":22},"end":{"line":5,"column":42}},"5":{"start":{"line":6,"column":23},"end":{"line":6,"column":44}},"6":{"start":{"line":7,"column":22},"end":{"line":7,"column":42}},"7":{"start":{"line":8,"column":22},"end":{"line":8,"column":42}},"8":{"start":{"line":9,"column":25},"end":{"line":9,"column":48}},"9":{"start":{"line":11,"column":0},"end":{"line":11,"column":36}},"10":{"start":{"line":12,"column":0},"end":{"line":12,"column":38}},"11":{"start":{"line":13,"column":0},"end":{"line":13,"column":32}},"12":{"start":{"line":14,"column":0},"end":{"line":14,"column":40}},"13":{"start":{"line":15,"column":0},"end":{"line":15,"column":38}},"14":{"start":{"line":16,"column":0},"end":{"line":16,"column":38}},"15":{"start":{"line":17,"column":0},"end":{"line":17,"column":43}},"16":{"start":{"line":18,"column":0},"end":{"line":18,"column":24}}},"fnMap":{},"branchMap":{},"s":{"0":4,"1":4,"2":4,"3":4,"4":4,"5":4,"6":4,"7":4,"8":4,"9":4,"10":4,"11":4,"12":4,"13":4,"14":4,"15":4,"16":4},"f":{},"b":{},"_coverageSchema":"1a1c01bbd47fc00a2c39e90264f33305004495a9","hash":"ef5bbdb4e7dc0cdea9c92b485d854af3e5d821f3"}
,"C:\\Users\\Rikhi\\Desktop\\Lektur-apps\\be_lektur\\routes\\material.js": {"path":"C:\\Users\\Rikhi\\Desktop\\Lektur-apps\\be_lektur\\routes\\material.js","statementMap":{"0":{"start":{"line":1,"column":16},"end":{"line":1,"column":34}},"1":{"start":{"line":7,"column":4},"end":{"line":7,"column":48}},"2":{"start":{"line":8,"column":15},"end":{"line":8,"column":31}},"3":{"start":{"line":9,"column":22},"end":{"line":9,"column":52}},"4":{"start":{"line":10,"column":24},"end":{"line":10,"column":62}},"5":{"start":{"line":12,"column":0},"end":{"line":12,"column":77}},"6":{"start":{"line":13,"column":0},"end":{"line":13,"column":35}},"7":{"start":{"line":14,"column":0},"end":{"line":14,"column":74}},"8":{"start":{"line":15,"column":0},"end":{"line":15,"column":52}},"9":{"start":{"line":17,"column":0},"end":{"line":17,"column":24}}},"fnMap":{},"branchMap":{},"s":{"0":4,"1":4,"2":4,"3":4,"4":4,"5":4,"6":4,"7":4,"8":4,"9":4},"f":{},"b":{},"_coverageSchema":"1a1c01bbd47fc00a2c39e90264f33305004495a9","hash":"8e21a9879ae11f02fdfa4a27c28974873bbe82b6"}
,"C:\\Users\\Rikhi\\Desktop\\Lektur-apps\\be_lektur\\routes\\student.js": {"path":"C:\\Users\\Rikhi\\Desktop\\Lektur-apps\\be_lektur\\routes\\student.js","statementMap":{"0":{"start":{"line":1,"column":16},"end":{"line":1,"column":34}},"1":{"start":{"line":9,"column":4},"end":{"line":9,"column":47}},"2":{"start":{"line":10,"column":15},"end":{"line":10,"column":31}},"3":{"start":{"line":11,"column":31},"end":{"line":11,"column":61}},"4":{"start":{"line":13,"column":0},"end":{"line":13,"column":46}},"5":{"start":{"line":14,"column":0},"end":{"line":14,"column":72}},"6":{"start":{"line":15,"column":0},"end":{"line":15,"column":55}},"7":{"start":{"line":16,"column":0},"end":{"line":16,"column":57}},"8":{"start":{"line":17,"column":0},"end":{"line":17,"column":53}},"9":{"start":{"line":18,"column":0},"end":{"line":18,"column":67}},"10":{"start":{"line":20,"column":0},"end":{"line":20,"column":24}}},"fnMap":{},"branchMap":{},"s":{"0":4,"1":4,"2":4,"3":4,"4":4,"5":4,"6":4,"7":4,"8":4,"9":4,"10":4},"f":{},"b":{},"_coverageSchema":"1a1c01bbd47fc00a2c39e90264f33305004495a9","hash":"64b429a763c710784657c23004bf0df31676c912"}
,"C:\\Users\\Rikhi\\Desktop\\Lektur-apps\\be_lektur\\routes\\teacher.js": {"path":"C:\\Users\\Rikhi\\Desktop\\Lektur-apps\\be_lektur\\routes\\teacher.js","statementMap":{"0":{"start":{"line":1,"column":16},"end":{"line":1,"column":34}},"1":{"start":{"line":7,"column":4},"end":{"line":7,"column":47}},"2":{"start":{"line":8,"column":15},"end":{"line":8,"column":31}},"3":{"start":{"line":9,"column":22},"end":{"line":9,"column":52}},"4":{"start":{"line":11,"column":0},"end":{"line":11,"column":51}},"5":{"start":{"line":12,"column":0},"end":{"line":12,"column":55}},"6":{"start":{"line":13,"column":0},"end":{"line":13,"column":55}},"7":{"start":{"line":14,"column":0},"end":{"line":14,"column":61}},"8":{"start":{"line":16,"column":0},"end":{"line":16,"column":24}}},"fnMap":{},"branchMap":{},"s":{"0":4,"1":4,"2":4,"3":4,"4":4,"5":4,"6":4,"7":4,"8":4},"f":{},"b":{},"_coverageSchema":"1a1c01bbd47fc00a2c39e90264f33305004495a9","hash":"e823dfc8b09d2733d73a04f458d0edcab43e43ae"}
,"C:\\Users\\Rikhi\\Desktop\\Lektur-apps\\be_lektur\\routes\\user.js": {"path":"C:\\Users\\Rikhi\\Desktop\\Lektur-apps\\be_lektur\\routes\\user.js","statementMap":{"0":{"start":{"line":1,"column":16},"end":{"line":1,"column":34}},"1":{"start":{"line":2,"column":15},"end":{"line":2,"column":31}},"2":{"start":{"line":16,"column":4},"end":{"line":16,"column":44}},"3":{"start":{"line":22,"column":4},"end":{"line":22,"column":36}},"4":{"start":{"line":23,"column":21},"end":{"line":23,"column":56}},"5":{"start":{"line":24,"column":20},"end":{"line":24,"column":50}},"6":{"start":{"line":26,"column":17},"end":{"line":26,"column":36}},"7":{"start":{"line":27,"column":24},"end":{"line":27,"column":62}},"8":{"start":{"line":28,"column":0},"end":{"line":28,"column":31}},"9":{"start":{"line":30,"column":0},"end":{"line":30,"column":61}},"10":{"start":{"line":31,"column":0},"end":{"line":31,"column":52}},"11":{"start":{"line":32,"column":0},"end":{"line":32,"column":48}},"12":{"start":{"line":33,"column":0},"end":{"line":33,"column":77}},"13":{"start":{"line":34,"column":0},"end":{"line":34,"column":71}},"14":{"start":{"line":35,"column":0},"end":{"line":35,"column":75}},"15":{"start":{"line":36,"column":0},"end":{"line":36,"column":50}},"16":{"start":{"line":37,"column":0},"end":{"line":37,"column":53}},"17":{"start":{"line":38,"column":0},"end":{"line":38,"column":56}},"18":{"start":{"line":40,"column":0},"end":{"line":46,"column":2}},"19":{"start":{"line":48,"column":0},"end":{"line":55,"column":2}},"20":{"start":{"line":57,"column":0},"end":{"line":63,"column":2}},"21":{"start":{"line":65,"column":0},"end":{"line":72,"column":2}},"22":{"start":{"line":74,"column":0},"end":{"line":74,"column":24}}},"fnMap":{},"branchMap":{},"s":{"0":4,"1":4,"2":4,"3":4,"4":4,"5":4,"6":4,"7":4,"8":4,"9":4,"10":4,"11":4,"12":4,"13":4,"14":4,"15":4,"16":4,"17":4,"18":4,"19":4,"20":4,"21":4,"22":4},"f":{},"b":{},"_coverageSchema":"1a1c01bbd47fc00a2c39e90264f33305004495a9","hash":"6b15f2b29c3cb4b1f197d5c8f8cdad8a479e3d61"}
,"C:\\Users\\Rikhi\\Desktop\\Lektur-apps\\be_lektur\\startup\\config.js": {"path":"C:\\Users\\Rikhi\\Desktop\\Lektur-apps\\be_lektur\\startup\\config.js","statementMap":{"0":{"start":{"line":1,"column":17},"end":{"line":1,"column":34}},"1":{"start":{"line":3,"column":0},"end":{"line":9,"column":1}},"2":{"start":{"line":4,"column":4},"end":{"line":8,"column":5}},"3":{"start":{"line":5,"column":8},"end":{"line":5,"column":17}},"4":{"start":{"line":7,"column":8},"end":{"line":7,"column":76}}},"fnMap":{"0":{"name":"(anonymous_0)","decl":{"start":{"line":3,"column":17},"end":{"line":3,"column":18}},"loc":{"start":{"line":3,"column":29},"end":{"line":9,"column":1}},"line":3}},"branchMap":{},"s":{"0":4,"1":4,"2":4,"3":4,"4":0},"f":{"0":4},"b":{},"_coverageSchema":"1a1c01bbd47fc00a2c39e90264f33305004495a9","hash":"adc909fa26596b80df232e72435a4f7f34e7e355"}
,"C:\\Users\\Rikhi\\Desktop\\Lektur-apps\\be_lektur\\startup\\cors.js": {"path":"C:\\Users\\Rikhi\\Desktop\\Lektur-apps\\be_lektur\\startup\\cors.js","statementMap":{"0":{"start":{"line":1,"column":13},"end":{"line":1,"column":28}},"1":{"start":{"line":3,"column":0},"end":{"line":5,"column":2}},"2":{"start":{"line":4,"column":4},"end":{"line":4,"column":20}}},"fnMap":{"0":{"name":"(anonymous_0)","decl":{"start":{"line":3,"column":17},"end":{"line":3,"column":18}},"loc":{"start":{"line":3,"column":33},"end":{"line":5,"column":1}},"line":3}},"branchMap":{},"s":{"0":4,"1":4,"2":4},"f":{"0":4},"b":{},"_coverageSchema":"1a1c01bbd47fc00a2c39e90264f33305004495a9","hash":"9b2377c6d3850f3f31f1405559b74e9458745c17"}
,"C:\\Users\\Rikhi\\Desktop\\Lektur-apps\\be_lektur\\startup\\index.js": {"path":"C:\\Users\\Rikhi\\Desktop\\Lektur-apps\\be_lektur\\startup\\index.js","statementMap":{"0":{"start":{"line":1,"column":0},"end":{"line":7,"column":1}},"1":{"start":{"line":2,"column":4},"end":{"line":2,"column":26}},"2":{"start":{"line":3,"column":4},"end":{"line":3,"column":27}},"3":{"start":{"line":4,"column":4},"end":{"line":4,"column":29}},"4":{"start":{"line":5,"column":4},"end":{"line":5,"column":28}},"5":{"start":{"line":6,"column":4},"end":{"line":6,"column":28}}},"fnMap":{"0":{"name":"(anonymous_0)","decl":{"start":{"line":1,"column":17},"end":{"line":1,"column":18}},"loc":{"start":{"line":1,"column":32},"end":{"line":7,"column":1}},"line":1}},"branchMap":{},"s":{"0":4,"1":4,"2":4,"3":4,"4":4,"5":4},"f":{"0":4},"b":{},"_coverageSchema":"1a1c01bbd47fc00a2c39e90264f33305004495a9","hash":"9e00d048e7e58cba233f0557b12f7295a154ae0c"}
,"C:\\Users\\Rikhi\\Desktop\\Lektur-apps\\be_lektur\\startup\\logger.js": {"path":"C:\\Users\\Rikhi\\Desktop\\Lektur-apps\\be_lektur\\startup\\logger.js","statementMap":{"0":{"start":{"line":1,"column":15},"end":{"line":1,"column":32}},"1":{"start":{"line":3,"column":0},"end":{"line":5,"column":2}},"2":{"start":{"line":4,"column":4},"end":{"line":4,"column":27}}},"fnMap":{"0":{"name":"(anonymous_0)","decl":{"start":{"line":3,"column":17},"end":{"line":3,"column":18}},"loc":{"start":{"line":3,"column":32},"end":{"line":5,"column":1}},"line":3}},"branchMap":{},"s":{"0":4,"1":4,"2":4},"f":{"0":4},"b":{},"_coverageSchema":"1a1c01bbd47fc00a2c39e90264f33305004495a9","hash":"0b07d5a9eaeaea3c966b6a5f7dc2bb51b1de9204"}
,"C:\\Users\\Rikhi\\Desktop\\Lektur-apps\\be_lektur\\startup\\parser.js": {"path":"C:\\Users\\Rikhi\\Desktop\\Lektur-apps\\be_lektur\\startup\\parser.js","statementMap":{"0":{"start":{"line":1,"column":16},"end":{"line":1,"column":34}},"1":{"start":{"line":3,"column":0},"end":{"line":6,"column":1}},"2":{"start":{"line":4,"column":4},"end":{"line":4,"column":28}},"3":{"start":{"line":5,"column":4},"end":{"line":5,"column":51}}},"fnMap":{"0":{"name":"(anonymous_0)","decl":{"start":{"line":3,"column":17},"end":{"line":3,"column":18}},"loc":{"start":{"line":3,"column":32},"end":{"line":6,"column":1}},"line":3}},"branchMap":{},"s":{"0":4,"1":4,"2":4,"3":4},"f":{"0":4},"b":{},"_coverageSchema":"1a1c01bbd47fc00a2c39e90264f33305004495a9","hash":"942be8684cfea276deee09f5312e674ca81dc7d3"}
,"C:\\Users\\Rikhi\\Desktop\\Lektur-apps\\be_lektur\\startup\\routes.js": {"path":"C:\\Users\\Rikhi\\Desktop\\Lektur-apps\\be_lektur\\startup\\routes.js","statementMap":{"0":{"start":{"line":1,"column":15},"end":{"line":1,"column":35}},"1":{"start":{"line":3,"column":0},"end":{"line":5,"column":2}},"2":{"start":{"line":4,"column":2},"end":{"line":4,"column":29}}},"fnMap":{"0":{"name":"(anonymous_0)","decl":{"start":{"line":3,"column":17},"end":{"line":3,"column":18}},"loc":{"start":{"line":3,"column":32},"end":{"line":5,"column":1}},"line":3}},"branchMap":{},"s":{"0":4,"1":4,"2":4},"f":{"0":4},"b":{},"_coverageSchema":"1a1c01bbd47fc00a2c39e90264f33305004495a9","hash":"8a322deefc5ee42cb6da0edb6b2a718e65e52645"}
,"C:\\Users\\Rikhi\\Desktop\\Lektur-apps\\be_lektur\\utils\\errorHandler.js": {"path":"C:\\Users\\Rikhi\\Desktop\\Lektur-apps\\be_lektur\\utils\\errorHandler.js","statementMap":{"0":{"start":{"line":1,"column":0},"end":{"line":7,"column":2}},"1":{"start":{"line":2,"column":2},"end":{"line":6,"column":5}}},"fnMap":{"0":{"name":"(anonymous_0)","decl":{"start":{"line":1,"column":17},"end":{"line":1,"column":18}},"loc":{"start":{"line":1,"column":39},"end":{"line":7,"column":1}},"line":1}},"branchMap":{},"s":{"0":4,"1":2},"f":{"0":2},"b":{},"_coverageSchema":"1a1c01bbd47fc00a2c39e90264f33305004495a9","hash":"39b19d80ef158a4717398e17b16de09e6017161c"}
,"C:\\Users\\Rikhi\\Desktop\\Lektur-apps\\be_lektur\\utils\\sendMail.js": {"path":"C:\\Users\\Rikhi\\Desktop\\Lektur-apps\\be_lektur\\utils\\sendMail.js","statementMap":{"0":{"start":{"line":1,"column":19},"end":{"line":1,"column":40}},"1":{"start":{"line":3,"column":0},"end":{"line":23,"column":2}},"2":{"start":{"line":4,"column":20},"end":{"line":13,"column":4}},"3":{"start":{"line":14,"column":13},"end":{"line":20,"column":4}},"4":{"start":{"line":21,"column":2},"end":{"line":21,"column":50}},"5":{"start":{"line":22,"column":2},"end":{"line":22,"column":69}}},"fnMap":{"0":{"name":"(anonymous_0)","decl":{"start":{"line":3,"column":17},"end":{"line":3,"column":18}},"loc":{"start":{"line":3,"column":52},"end":{"line":23,"column":1}},"line":3}},"branchMap":{},"s":{"0":4,"1":4,"2":2,"3":2,"4":2,"5":2},"f":{"0":2},"b":{},"_coverageSchema":"1a1c01bbd47fc00a2c39e90264f33305004495a9","hash":"80ab362826ec9da371a6b182e7ca128699d5e42b"}
}
