TN:
SF:app.js
FNF:0
FNH:0
DA:1,6
DA:2,6
DA:3,6
DA:5,6
DA:7,6
LF:5
LH:5
BRF:0
BRH:0
end_of_record
TN:
SF:config\cloudinary.js
FNF:0
FNH:0
DA:1,6
DA:3,6
DA:9,6
LF:3
LH:3
BRF:0
BRH:0
end_of_record
TN:
SF:controllers\assessmentController.js
FN:6,(anonymous_0)
FN:59,(anonymous_1)
FN:158,(anonymous_2)
FNF:3
FNH:0
FNDA:0,(anonymous_0)
FNDA:0,(anonymous_1)
FNDA:0,(anonymous_2)
DA:1,6
DA:2,6
DA:3,6
DA:5,6
DA:7,0
DA:8,0
DA:9,0
DA:10,0
DA:13,0
DA:16,0
DA:17,0
DA:23,0
DA:26,0
DA:27,0
DA:33,0
DA:34,0
DA:35,0
DA:41,0
DA:42,0
DA:43,0
DA:50,0
DA:56,0
DA:60,0
DA:61,0
DA:62,0
DA:96,0
DA:97,0
DA:104,0
DA:110,0
DA:159,0
DA:160,0
DA:161,0
DA:164,0
DA:165,0
DA:172,0
DA:178,0
DA:183,6
LF:37
LH:5
BRDA:16,0,0,0
BRDA:16,0,1,0
BRDA:26,1,0,0
BRDA:26,1,1,0
BRDA:96,2,0,0
BRDA:96,2,1,0
BRDA:164,3,0,0
BRDA:164,3,1,0
BRF:8
BRH:0
end_of_record
TN:
SF:controllers\contentController.js
FN:6,(anonymous_0)
FN:62,(anonymous_1)
FN:95,(anonymous_2)
FN:129,(anonymous_3)
FN:189,(anonymous_4)
FNF:5
FNH:5
FNDA:2,(anonymous_0)
FNDA:1,(anonymous_1)
FNDA:1,(anonymous_2)
FNDA:1,(anonymous_3)
FNDA:1,(anonymous_4)
DA:1,6
DA:2,6
DA:3,6
DA:5,6
DA:7,2
DA:8,2
DA:9,2
DA:10,2
DA:11,2
DA:17,2
DA:22,2
DA:23,0
DA:29,2
DA:34,2
DA:35,0
DA:41,2
DA:46,2
DA:47,0
DA:53,2
DA:59,0
DA:63,1
DA:64,1
DA:79,1
DA:80,0
DA:86,1
DA:92,0
DA:96,1
DA:97,1
DA:98,1
DA:113,1
DA:114,0
DA:120,1
DA:126,0
DA:130,1
DA:131,1
DA:132,1
DA:133,1
DA:134,1
DA:140,1
DA:141,1
DA:142,0
DA:149,1
DA:150,1
DA:159,0
DA:168,1
DA:169,0
DA:175,1
DA:180,1
DA:186,0
DA:190,1
DA:191,1
DA:192,1
DA:197,1
DA:198,0
DA:204,1
DA:210,0
LF:56
LH:42
BRDA:22,0,0,0
BRDA:22,0,1,2
BRDA:34,1,0,0
BRDA:34,1,1,2
BRDA:46,2,0,0
BRDA:46,2,1,2
BRDA:79,3,0,0
BRDA:79,3,1,1
BRDA:113,4,0,0
BRDA:113,4,1,1
BRDA:141,5,0,0
BRDA:141,5,1,1
BRDA:149,6,0,1
BRDA:149,6,1,0
BRDA:168,7,0,0
BRDA:168,7,1,1
BRDA:197,8,0,0
BRDA:197,8,1,1
BRF:18
BRH:9
end_of_record
TN:
SF:controllers\courseController.js
FN:14,(anonymous_0)
FN:62,(anonymous_1)
FN:220,(anonymous_2)
FN:276,(anonymous_3)
FN:337,(anonymous_4)
FNF:5
FNH:5
FNDA:3,(anonymous_0)
FNDA:1,(anonymous_1)
FNDA:1,(anonymous_2)
FNDA:1,(anonymous_3)
FNDA:1,(anonymous_4)
DA:1,6
DA:9,6
DA:10,6
DA:11,6
DA:13,6
DA:15,3
DA:16,3
DA:17,3
DA:18,3
DA:26,3
DA:32,3
DA:33,0
DA:40,3
DA:45,3
DA:46,0
DA:53,3
DA:59,0
DA:63,1
DA:64,1
DA:66,1
DA:67,0
DA:75,1
DA:76,0
DA:84,1
DA:85,0
DA:91,1
DA:94,1
DA:95,1
DA:99,1
DA:100,1
DA:102,0
DA:105,1
DA:112,1
DA:113,0
DA:158,1
DA:204,1
DA:205,0
DA:211,1
DA:217,0
DA:221,1
DA:222,1
DA:223,1
DA:259,1
DA:260,0
DA:267,1
DA:273,0
DA:277,1
DA:278,1
DA:279,1
DA:280,1
DA:281,1
DA:288,1
DA:289,1
DA:290,0
DA:297,1
DA:298,1
DA:307,0
DA:316,1
DA:317,0
DA:323,1
DA:328,1
DA:334,0
DA:338,1
DA:339,1
DA:340,1
DA:344,1
DA:345,0
DA:352,1
DA:358,0
DA:363,6
LF:70
LH:52
BRDA:32,0,0,0
BRDA:32,0,1,3
BRDA:45,1,0,0
BRDA:45,1,1,3
BRDA:66,2,0,0
BRDA:66,2,1,1
BRDA:75,3,0,0
BRDA:75,3,1,1
BRDA:84,4,0,0
BRDA:84,4,1,1
BRDA:94,5,0,1
BRDA:94,5,1,0
BRDA:99,6,0,1
BRDA:99,6,1,0
BRDA:112,7,0,0
BRDA:112,7,1,1
BRDA:204,8,0,0
BRDA:204,8,1,1
BRDA:259,9,0,0
BRDA:259,9,1,1
BRDA:289,10,0,0
BRDA:289,10,1,1
BRDA:297,11,0,1
BRDA:297,11,1,0
BRDA:316,12,0,0
BRDA:316,12,1,1
BRDA:344,13,0,0
BRDA:344,13,1,1
BRF:28
BRH:14
end_of_record
TN:
SF:controllers\materialController.js
FN:6,(anonymous_0)
FN:59,(anonymous_1)
FN:83,(anonymous_2)
FN:142,(anonymous_3)
FNF:4
FNH:4
FNDA:1,(anonymous_0)
FNDA:1,(anonymous_1)
FNDA:1,(anonymous_2)
FNDA:1,(anonymous_3)
DA:1,6
DA:2,6
DA:3,6
DA:5,6
DA:7,1
DA:8,1
DA:9,1
DA:10,1
DA:11,1
DA:16,1
DA:21,1
DA:22,0
DA:27,1
DA:32,1
DA:33,0
DA:38,1
DA:43,1
DA:44,0
DA:50,1
DA:56,0
DA:60,1
DA:61,1
DA:67,1
DA:68,0
DA:74,1
DA:80,0
DA:84,1
DA:85,1
DA:86,1
DA:87,1
DA:88,1
DA:93,1
DA:94,1
DA:95,0
DA:102,1
DA:103,1
DA:112,0
DA:121,1
DA:122,0
DA:128,1
DA:133,1
DA:139,0
DA:143,1
DA:144,1
DA:145,1
DA:150,1
DA:151,0
DA:157,1
DA:163,0
LF:49
LH:37
BRDA:21,0,0,0
BRDA:21,0,1,1
BRDA:32,1,0,0
BRDA:32,1,1,1
BRDA:43,2,0,0
BRDA:43,2,1,1
BRDA:67,3,0,0
BRDA:67,3,1,1
BRDA:94,4,0,0
BRDA:94,4,1,1
BRDA:102,5,0,1
BRDA:102,5,1,0
BRDA:121,6,0,0
BRDA:121,6,1,1
BRDA:150,7,0,0
BRDA:150,7,1,1
BRF:16
BRH:8
end_of_record
TN:
SF:controllers\studentController.js
FN:13,(anonymous_0)
FN:84,(anonymous_1)
FN:93,(anonymous_2)
FN:130,(anonymous_3)
FN:139,(anonymous_4)
FN:175,(anonymous_5)
FN:234,(anonymous_6)
FN:274,(anonymous_7)
FN:428,(anonymous_8)
FN:436,(anonymous_9)
FNF:10
FNH:7
FNDA:0,(anonymous_0)
FNDA:1,(anonymous_1)
FNDA:1,(anonymous_2)
FNDA:0,(anonymous_3)
FNDA:0,(anonymous_4)
FNDA:1,(anonymous_5)
FNDA:1,(anonymous_6)
FNDA:1,(anonymous_7)
FNDA:1,(anonymous_8)
FNDA:1,(anonymous_9)
DA:1,6
DA:2,6
DA:10,6
DA:12,6
DA:14,0
DA:15,0
DA:16,0
DA:17,0
DA:21,0
DA:25,0
DA:26,0
DA:32,0
DA:33,0
DA:39,0
DA:45,0
DA:46,0
DA:52,0
DA:57,0
DA:58,0
DA:64,0
DA:68,0
DA:69,0
DA:75,0
DA:81,0
DA:85,1
DA:86,1
DA:87,1
DA:93,1
DA:94,1
DA:121,1
DA:127,0
DA:131,0
DA:132,0
DA:133,0
DA:139,0
DA:140,0
DA:166,0
DA:172,0
DA:176,1
DA:177,1
DA:178,1
DA:179,1
DA:218,1
DA:219,0
DA:225,1
DA:231,0
DA:235,1
DA:236,1
DA:237,1
DA:258,1
DA:259,0
DA:265,1
DA:271,0
DA:275,1
DA:276,1
DA:277,1
DA:278,1
DA:283,1
DA:288,1
DA:289,0
DA:295,1
DA:296,0
DA:302,1
DA:308,1
DA:309,0
DA:315,1
DA:321,1
DA:322,0
DA:327,1
DA:328,0
DA:335,1
DA:342,1
DA:343,0
DA:350,1
DA:356,1
DA:357,0
DA:364,1
DA:373,1
DA:381,1
DA:382,0
DA:390,1
DA:391,0
DA:400,1
DA:401,1
DA:412,1
DA:413,0
DA:419,1
DA:425,0
DA:429,1
DA:430,1
DA:431,1
DA:436,1
DA:437,1
DA:491,1
DA:492,0
DA:498,1
DA:504,0
LF:97
LH:52
BRDA:25,0,0,0
BRDA:25,0,1,0
BRDA:32,1,0,0
BRDA:32,1,1,0
BRDA:45,2,0,0
BRDA:45,2,1,0
BRDA:57,3,0,0
BRDA:57,3,1,0
BRDA:68,4,0,0
BRDA:68,4,1,0
BRDA:218,5,0,0
BRDA:218,5,1,1
BRDA:258,6,0,0
BRDA:258,6,1,1
BRDA:288,7,0,0
BRDA:288,7,1,1
BRDA:295,8,0,0
BRDA:295,8,1,1
BRDA:308,9,0,0
BRDA:308,9,1,1
BRDA:321,10,0,0
BRDA:321,10,1,1
BRDA:327,11,0,0
BRDA:327,11,1,1
BRDA:342,12,0,0
BRDA:342,12,1,1
BRDA:356,13,0,0
BRDA:356,13,1,1
BRDA:381,14,0,0
BRDA:381,14,1,1
BRDA:390,15,0,0
BRDA:390,15,1,1
BRDA:400,16,0,1
BRDA:400,16,1,0
BRDA:412,17,0,0
BRDA:412,17,1,1
BRDA:491,18,0,0
BRDA:491,18,1,1
BRF:38
BRH:14
end_of_record
TN:
SF:controllers\teacherController.js
FN:16,(anonymous_0)
FN:78,(anonymous_1)
FN:129,(anonymous_2)
FN:231,(anonymous_3)
FNF:4
FNH:4
FNDA:1,(anonymous_0)
FNDA:1,(anonymous_1)
FNDA:1,(anonymous_2)
FNDA:1,(anonymous_3)
DA:1,6
DA:2,6
DA:11,6
DA:12,6
DA:13,6
DA:15,6
DA:17,1
DA:18,1
DA:19,1
DA:23,1
DA:27,1
DA:28,0
DA:34,1
DA:40,1
DA:41,0
DA:47,1
DA:56,1
DA:57,0
DA:63,1
DA:69,1
DA:75,0
DA:79,1
DA:80,1
DA:81,1
DA:113,1
DA:114,0
DA:120,1
DA:126,0
DA:130,1
DA:131,1
DA:133,1
DA:135,0
DA:136,0
DA:138,0
DA:139,0
DA:141,0
DA:142,0
DA:144,1
DA:148,1
DA:149,0
DA:157,1
DA:158,0
DA:163,1
DA:215,1
DA:216,0
DA:222,1
DA:228,0
DA:232,1
DA:233,1
DA:234,1
DA:235,1
DA:236,1
DA:242,1
DA:252,1
DA:258,0
LF:55
LH:38
BRDA:27,0,0,0
BRDA:27,0,1,1
BRDA:40,1,0,0
BRDA:40,1,1,1
BRDA:56,2,0,0
BRDA:56,2,1,1
BRDA:113,3,0,0
BRDA:113,3,1,1
BRDA:133,4,0,0
BRDA:133,4,1,0
BRDA:133,4,2,0
BRDA:133,4,3,1
BRDA:148,5,0,0
BRDA:148,5,1,1
BRDA:157,6,0,0
BRDA:157,6,1,1
BRDA:215,7,0,0
BRDA:215,7,1,1
BRF:18
BRH:8
end_of_record
TN:
SF:controllers\userController.js
FN:10,(anonymous_0)
FN:130,(anonymous_1)
FN:180,(anonymous_2)
FN:216,(anonymous_3)
FN:256,(anonymous_4)
FN:274,(anonymous_5)
FN:292,(anonymous_6)
FN:306,(anonymous_7)
FN:338,(anonymous_8)
FN:371,(anonymous_9)
FN:394,(anonymous_10)
FNF:11
FNH:6
FNDA:5,(anonymous_0)
FNDA:25,(anonymous_1)
FNDA:0,(anonymous_2)
FNDA:0,(anonymous_3)
FNDA:0,(anonymous_4)
FNDA:0,(anonymous_5)
FNDA:1,(anonymous_6)
FNDA:1,(anonymous_7)
FNDA:1,(anonymous_8)
FNDA:1,(anonymous_9)
FNDA:0,(anonymous_10)
DA:1,6
DA:2,6
DA:3,6
DA:4,6
DA:5,6
DA:6,6
DA:7,6
DA:9,6
DA:11,5
DA:12,5
DA:13,5
DA:14,2
DA:19,2
DA:20,1
DA:26,1
DA:27,1
DA:33,1
DA:41,1
DA:52,1
DA:66,3
DA:67,2
DA:72,2
DA:73,1
DA:79,1
DA:80,1
DA:86,1
DA:94,1
DA:105,1
DA:120,1
DA:127,0
DA:131,25
DA:132,25
DA:133,25
DA:138,25
DA:139,1
DA:145,24
DA:146,24
DA:147,1
DA:153,23
DA:162,23
DA:177,0
DA:181,0
DA:182,0
DA:183,0
DA:188,0
DA:189,0
DA:195,0
DA:200,0
DA:207,0
DA:213,0
DA:217,0
DA:218,0
DA:219,0
DA:225,0
DA:226,0
DA:232,0
DA:234,0
DA:238,0
DA:247,0
DA:253,0
DA:257,0
DA:258,0
DA:262,0
DA:263,0
DA:271,0
DA:275,0
DA:276,0
DA:280,0
DA:281,0
DA:289,0
DA:293,1
DA:294,1
DA:297,1
DA:303,0
DA:307,1
DA:308,1
DA:309,1
DA:316,1
DA:317,0
DA:323,1
DA:329,1
DA:335,0
DA:339,1
DA:340,1
DA:341,1
DA:347,1
DA:348,0
DA:354,1
DA:362,1
DA:368,0
DA:372,1
DA:373,1
DA:374,1
DA:375,1
DA:376,1
DA:385,1
DA:391,0
DA:395,0
DA:396,0
DA:397,0
DA:400,0
DA:401,0
DA:402,0
DA:407,0
DA:417,0
DA:423,0
LF:106
LH:60
BRDA:13,0,0,2
BRDA:13,0,1,3
BRDA:19,1,0,1
BRDA:19,1,1,1
BRDA:66,2,0,2
BRDA:66,2,1,1
BRDA:72,3,0,1
BRDA:72,3,1,1
BRDA:138,4,0,1
BRDA:138,4,1,24
BRDA:146,5,0,1
BRDA:146,5,1,23
BRDA:188,6,0,0
BRDA:188,6,1,0
BRDA:225,7,0,0
BRDA:225,7,1,0
BRDA:316,8,0,0
BRDA:316,8,1,1
BRDA:347,9,0,0
BRDA:347,9,1,1
BRDA:401,10,0,0
BRDA:401,10,1,0
BRF:22
BRH:14
end_of_record
TN:
SF:helpers\joi-schema.js
FNF:0
FNH:0
DA:1,6
DA:3,6
LF:2
LH:2
BRF:0
BRH:0
end_of_record
TN:
SF:helpers\passport.js
FN:16,(anonymous_0)
FN:35,(anonymous_1)
FNF:2
FNH:0
FNDA:0,(anonymous_0)
FNDA:0,(anonymous_1)
DA:1,6
DA:2,6
DA:3,6
DA:4,6
DA:5,6
DA:7,6
DA:17,0
DA:21,0
DA:26,6
DA:36,0
DA:37,0
DA:41,0
LF:12
LH:7
BRF:0
BRH:0
end_of_record
TN:
SF:middlewares\auth.js
FN:6,(anonymous_0)
FN:38,(anonymous_1)
FNF:2
FNH:2
FNDA:9,(anonymous_0)
FNDA:16,(anonymous_1)
DA:1,6
DA:2,6
DA:3,6
DA:5,6
DA:7,9
DA:8,9
DA:9,9
DA:10,0
DA:15,9
DA:16,9
DA:17,9
DA:22,9
DA:23,0
DA:28,9
DA:33,9
DA:35,0
DA:39,16
DA:40,16
DA:41,16
DA:42,0
DA:48,16
DA:49,16
DA:51,16
DA:56,16
DA:57,0
DA:63,16
DA:64,0
DA:70,16
DA:75,16
DA:77,0
LF:30
LH:23
BRDA:9,0,0,0
BRDA:9,0,1,9
BRDA:22,1,0,0
BRDA:22,1,1,9
BRDA:41,2,0,0
BRDA:41,2,1,16
BRDA:56,3,0,0
BRDA:56,3,1,16
BRDA:63,4,0,0
BRDA:63,4,1,16
BRF:10
BRH:5
end_of_record
TN:
SF:middlewares\upload-files.js
FN:6,(anonymous_0)
FN:9,(anonymous_1)
FN:18,(anonymous_2)
FN:25,(anonymous_3)
FN:32,(anonymous_4)
FN:49,(anonymous_5)
FN:50,(anonymous_6)
FNF:7
FNH:7
FNDA:42,(anonymous_0)
FNDA:7,(anonymous_1)
FNDA:4,(anonymous_2)
FNDA:2,(anonymous_3)
FNDA:1,(anonymous_4)
FNDA:10,(anonymous_5)
FNDA:10,(anonymous_6)
DA:1,6
DA:2,6
DA:3,6
DA:5,6
DA:7,42
DA:10,7
DA:18,42
DA:19,4
DA:20,0
DA:22,4
DA:25,42
DA:26,2
DA:27,0
DA:29,2
DA:32,42
DA:33,1
DA:34,0
DA:36,1
DA:39,42
DA:49,42
DA:50,10
DA:51,10
DA:52,0
DA:58,10
LF:24
LH:20
BRDA:19,0,0,0
BRDA:19,0,1,4
BRDA:26,1,0,0
BRDA:26,1,1,2
BRDA:33,2,0,0
BRDA:33,2,1,1
BRDA:42,3,0,18
BRDA:42,3,1,24
BRDA:44,4,0,12
BRDA:44,4,1,12
BRDA:51,5,0,0
BRDA:51,5,1,10
BRF:12
BRH:8
end_of_record
TN:
SF:middlewares\validator.js
FN:3,(anonymous_0)
FN:4,(anonymous_1)
FNF:2
FNH:2
FNDA:24,(anonymous_0)
FNDA:31,(anonymous_1)
DA:1,6
DA:3,6
DA:4,24
DA:5,31
DA:6,31
DA:7,31
DA:8,31
DA:9,0
DA:13,31
DA:15,0
LF:10
LH:8
BRDA:8,0,0,0
BRDA:8,0,1,31
BRF:2
BRH:1
end_of_record
TN:
SF:models\assessment.js
FN:3,(anonymous_0)
FN:10,(anonymous_1)
FNF:2
FNH:2
FNDA:6,(anonymous_0)
FNDA:6,(anonymous_1)
DA:2,6
DA:3,6
DA:12,6
DA:16,6
DA:22,6
DA:31,6
LF:6
LH:6
BRF:0
BRH:0
end_of_record
TN:
SF:models\category.js
FN:3,(anonymous_0)
FN:10,(anonymous_1)
FNF:2
FNH:2
FNDA:6,(anonymous_0)
FNDA:6,(anonymous_1)
DA:2,6
DA:3,6
DA:12,6
DA:18,6
DA:27,6
LF:5
LH:5
BRF:0
BRH:0
end_of_record
TN:
SF:models\content.js
FN:3,(anonymous_0)
FN:10,(anonymous_1)
FNF:2
FNH:2
FNDA:6,(anonymous_0)
FNDA:6,(anonymous_1)
DA:2,6
DA:3,6
DA:12,6
DA:16,6
DA:22,6
DA:34,6
LF:6
LH:6
BRF:0
BRH:0
end_of_record
TN:
SF:models\course.js
FN:3,(anonymous_0)
FN:10,(anonymous_1)
FNF:2
FNH:2
FNDA:6,(anonymous_0)
FNDA:6,(anonymous_1)
DA:2,6
DA:3,6
DA:12,6
DA:16,6
DA:20,6
DA:24,6
DA:28,6
DA:32,6
DA:36,6
DA:42,6
DA:55,6
LF:11
LH:11
BRF:0
BRH:0
end_of_record
TN:
SF:models\forgotpassword.js
FN:3,(anonymous_0)
FN:10,(anonymous_1)
FNF:2
FNH:2
FNDA:6,(anonymous_0)
FNDA:6,(anonymous_1)
DA:2,6
DA:3,6
DA:14,6
DA:25,6
LF:4
LH:4
BRF:0
BRH:0
end_of_record
TN:
SF:models\index.js
FN:20,(anonymous_0)
FN:23,(anonymous_1)
FN:28,(anonymous_2)
FNF:3
FNH:3
FNDA:84,(anonymous_0)
FNDA:78,(anonymous_1)
FNDA:78,(anonymous_2)
DA:3,6
DA:4,6
DA:5,6
DA:6,6
DA:7,6
DA:8,6
DA:9,6
DA:12,6
DA:13,0
DA:15,6
DA:18,6
DA:21,84
DA:24,78
DA:25,78
DA:28,6
DA:29,78
DA:30,78
DA:34,6
DA:35,6
DA:37,6
LF:20
LH:19
BRDA:7,0,0,6
BRDA:7,0,1,0
BRDA:12,1,0,0
BRDA:12,1,1,6
BRDA:21,2,0,84
BRDA:21,2,1,84
BRDA:21,2,2,78
BRDA:29,3,0,78
BRDA:29,3,1,0
BRF:9
BRH:6
end_of_record
TN:
SF:models\invitation.js
FN:3,(anonymous_0)
FN:10,(anonymous_1)
FNF:2
FNH:2
FNDA:6,(anonymous_0)
FNDA:6,(anonymous_1)
DA:2,6
DA:3,6
DA:12,6
DA:16,6
DA:22,6
DA:34,6
LF:6
LH:6
BRF:0
BRH:0
end_of_record
TN:
SF:models\material.js
FN:3,(anonymous_0)
FN:10,(anonymous_1)
FNF:2
FNH:2
FNDA:6,(anonymous_0)
FNDA:6,(anonymous_1)
DA:2,6
DA:3,6
DA:12,6
DA:18,6
DA:29,6
LF:5
LH:5
BRF:0
BRH:0
end_of_record
TN:
SF:models\option.js
FN:3,(anonymous_0)
FN:10,(anonymous_1)
FNF:2
FNH:2
FNDA:6,(anonymous_0)
FNDA:6,(anonymous_1)
DA:2,6
DA:3,6
DA:12,6
DA:18,6
DA:29,6
LF:5
LH:5
BRF:0
BRH:0
end_of_record
TN:
SF:models\question.js
FN:4,(anonymous_0)
FN:11,(anonymous_1)
FNF:2
FNH:2
FNDA:6,(anonymous_0)
FNDA:6,(anonymous_1)
DA:2,6
DA:3,6
DA:4,6
DA:13,6
DA:17,6
DA:23,6
DA:34,6
LF:7
LH:7
BRF:0
BRH:0
end_of_record
TN:
SF:models\studentcontent.js
FN:3,(anonymous_0)
FN:10,(anonymous_1)
FNF:2
FNH:2
FNDA:6,(anonymous_0)
FNDA:6,(anonymous_1)
DA:2,6
DA:3,6
DA:12,6
DA:16,6
DA:20,6
DA:26,6
DA:37,6
LF:7
LH:7
BRF:0
BRH:0
end_of_record
TN:
SF:models\studentcourse.js
FN:3,(anonymous_0)
FN:10,(anonymous_1)
FNF:2
FNH:2
FNDA:6,(anonymous_0)
FNDA:6,(anonymous_1)
DA:2,6
DA:3,6
DA:12,6
DA:16,6
DA:22,6
DA:34,6
LF:6
LH:6
BRF:0
BRH:0
end_of_record
TN:
SF:models\studentquestion.js
FN:3,(anonymous_0)
FN:11,(anonymous_1)
FNF:2
FNH:2
FNDA:6,(anonymous_0)
FNDA:6,(anonymous_1)
DA:2,6
DA:3,6
DA:13,6
DA:17,6
DA:21,6
DA:27,6
DA:38,6
LF:7
LH:7
BRF:0
BRH:0
end_of_record
TN:
SF:models\user.js
FN:3,(anonymous_0)
FN:10,(anonymous_1)
FNF:2
FNH:2
FNDA:6,(anonymous_0)
FNDA:6,(anonymous_1)
DA:2,6
DA:3,6
DA:12,6
DA:16,6
DA:20,6
DA:24,6
DA:30,6
DA:43,6
LF:8
LH:8
BRF:0
BRH:0
end_of_record
TN:
SF:routes\assessment.js
FNF:0
FNH:0
DA:1,6
DA:2,6
DA:3,6
DA:9,6
DA:11,6
DA:12,6
DA:13,6
DA:15,6
LF:8
LH:8
BRF:0
BRH:0
end_of_record
TN:
SF:routes\content.js
FNF:0
FNH:0
DA:1,6
DA:2,6
DA:9,6
DA:10,6
DA:11,6
DA:13,6
DA:14,6
DA:15,6
DA:16,6
DA:17,6
DA:19,6
LF:11
LH:11
BRF:0
BRH:0
end_of_record
TN:
SF:routes\course.js
FNF:0
FNH:0
DA:1,6
DA:2,6
DA:9,6
DA:10,6
DA:11,6
DA:13,6
DA:14,6
DA:15,6
DA:16,6
DA:17,6
DA:19,6
LF:11
LH:11
BRF:0
BRH:0
end_of_record
TN:
SF:routes\index.js
FNF:0
FNH:0
DA:1,6
DA:2,6
DA:3,6
DA:4,6
DA:5,6
DA:6,6
DA:7,6
DA:8,6
DA:9,6
DA:11,6
DA:12,6
DA:13,6
DA:14,6
DA:15,6
DA:16,6
DA:17,6
DA:18,6
LF:17
LH:17
BRF:0
BRH:0
end_of_record
TN:
SF:routes\material.js
FNF:0
FNH:0
DA:1,6
DA:7,6
DA:8,6
DA:9,6
DA:10,6
DA:12,6
DA:13,6
DA:14,6
DA:15,6
DA:17,6
LF:10
LH:10
BRF:0
BRH:0
end_of_record
TN:
SF:routes\student.js
FNF:0
FNH:0
DA:1,6
DA:9,6
DA:10,6
DA:11,6
DA:13,6
DA:14,6
DA:15,6
DA:16,6
DA:17,6
DA:18,6
DA:20,6
LF:11
LH:11
BRF:0
BRH:0
end_of_record
TN:
SF:routes\teacher.js
FNF:0
FNH:0
DA:1,6
DA:7,6
DA:8,6
DA:9,6
DA:11,6
DA:12,6
DA:13,6
DA:14,6
DA:16,6
LF:9
LH:9
BRF:0
BRH:0
end_of_record
TN:
SF:routes\user.js
FNF:0
FNH:0
DA:1,6
DA:2,6
DA:16,6
DA:22,6
DA:23,6
DA:24,6
DA:26,6
DA:27,6
DA:28,6
DA:30,6
DA:31,6
DA:32,6
DA:33,6
DA:34,6
DA:35,6
DA:36,6
DA:37,6
DA:38,6
DA:40,6
DA:48,6
DA:57,6
DA:65,6
DA:74,6
LF:23
LH:23
BRF:0
BRH:0
end_of_record
TN:
SF:startup\config.js
FN:3,(anonymous_0)
FNF:1
FNH:1
FNDA:6,(anonymous_0)
DA:1,6
DA:3,6
DA:4,6
DA:5,6
DA:7,0
LF:5
LH:4
BRF:0
BRH:0
end_of_record
TN:
SF:startup\cors.js
FN:3,(anonymous_0)
FNF:1
FNH:1
FNDA:6,(anonymous_0)
DA:1,6
DA:3,6
DA:4,6
LF:3
LH:3
BRF:0
BRH:0
end_of_record
TN:
SF:startup\index.js
FN:1,(anonymous_0)
FNF:1
FNH:1
FNDA:6,(anonymous_0)
DA:1,6
DA:2,6
DA:3,6
DA:4,6
DA:5,6
DA:6,6
LF:6
LH:6
BRF:0
BRH:0
end_of_record
TN:
SF:startup\logger.js
FN:3,(anonymous_0)
FNF:1
FNH:1
FNDA:6,(anonymous_0)
DA:1,6
DA:3,6
DA:4,6
LF:3
LH:3
BRF:0
BRH:0
end_of_record
TN:
SF:startup\parser.js
FN:3,(anonymous_0)
FNF:1
FNH:1
FNDA:6,(anonymous_0)
DA:1,6
DA:3,6
DA:4,6
DA:5,6
LF:4
LH:4
BRF:0
BRH:0
end_of_record
TN:
SF:startup\routes.js
FN:3,(anonymous_0)
FNF:1
FNH:1
FNDA:6,(anonymous_0)
DA:1,6
DA:3,6
DA:4,6
LF:3
LH:3
BRF:0
BRH:0
end_of_record
TN:
SF:utils\errorHandler.js
FN:1,(anonymous_0)
FNF:1
FNH:0
FNDA:0,(anonymous_0)
DA:1,6
DA:2,0
LF:2
LH:1
BRF:0
BRH:0
end_of_record
TN:
SF:utils\sendMail.js
FN:3,(anonymous_0)
FNF:1
FNH:1
FNDA:3,(anonymous_0)
DA:1,6
DA:3,6
DA:4,3
DA:14,3
LF:4
LH:4
BRF:0
BRH:0
end_of_record
