TN:
SF:app.js
FNF:0
FNH:0
DA:1,4
DA:2,4
DA:3,4
DA:5,4
DA:7,4
LF:5
LH:5
BRF:0
BRH:0
end_of_record
TN:
SF:config\cloudinary.js
FNF:0
FNH:0
DA:1,4
DA:3,4
DA:9,4
LF:3
LH:3
BRF:0
BRH:0
end_of_record
TN:
SF:controllers\contentController.js
FN:6,(anonymous_0)
FN:62,(anonymous_1)
FN:95,(anonymous_2)
FN:129,(anonymous_3)
FN:189,(anonymous_4)
FNF:5
FNH:5
FNDA:2,(anonymous_0)
FNDA:1,(anonymous_1)
FNDA:1,(anonymous_2)
FNDA:1,(anonymous_3)
FNDA:1,(anonymous_4)
DA:1,4
DA:2,4
DA:3,4
DA:5,4
DA:7,2
DA:8,2
DA:9,2
DA:10,2
DA:11,2
DA:17,2
DA:22,2
DA:23,0
DA:29,2
DA:34,2
DA:35,0
DA:41,2
DA:46,2
DA:47,0
DA:53,2
DA:59,0
DA:63,1
DA:64,1
DA:79,1
DA:80,0
DA:86,1
DA:92,0
DA:96,1
DA:97,1
DA:98,1
DA:113,1
DA:114,0
DA:120,1
DA:126,0
DA:130,1
DA:131,1
DA:132,1
DA:133,1
DA:134,1
DA:140,1
DA:141,1
DA:142,0
DA:149,1
DA:150,1
DA:159,0
DA:168,1
DA:169,0
DA:175,1
DA:180,1
DA:186,0
DA:190,1
DA:191,1
DA:192,1
DA:197,1
DA:198,0
DA:204,1
DA:210,0
LF:56
LH:42
BRDA:22,0,0,0
BRDA:22,0,1,2
BRDA:34,1,0,0
BRDA:34,1,1,2
BRDA:46,2,0,0
BRDA:46,2,1,2
BRDA:79,3,0,0
BRDA:79,3,1,1
BRDA:113,4,0,0
BRDA:113,4,1,1
BRDA:141,5,0,0
BRDA:141,5,1,1
BRDA:149,6,0,1
BRDA:149,6,1,0
BRDA:168,7,0,0
BRDA:168,7,1,1
BRDA:197,8,0,0
BRDA:197,8,1,1
BRF:18
BRH:9
end_of_record
TN:
SF:controllers\courseController.js
FN:14,(anonymous_0)
FN:62,(anonymous_1)
FN:220,(anonymous_2)
FN:265,(anonymous_3)
FN:326,(anonymous_4)
FNF:5
FNH:5
FNDA:3,(anonymous_0)
FNDA:1,(anonymous_1)
FNDA:1,(anonymous_2)
FNDA:1,(anonymous_3)
FNDA:1,(anonymous_4)
DA:1,4
DA:9,4
DA:10,4
DA:11,4
DA:13,4
DA:15,3
DA:16,3
DA:17,3
DA:18,3
DA:26,3
DA:32,3
DA:33,0
DA:40,3
DA:45,3
DA:46,0
DA:53,3
DA:59,0
DA:63,1
DA:64,1
DA:66,1
DA:67,0
DA:75,1
DA:76,0
DA:84,1
DA:85,0
DA:91,1
DA:94,1
DA:95,1
DA:99,1
DA:100,1
DA:102,0
DA:105,1
DA:112,1
DA:113,0
DA:158,1
DA:204,1
DA:205,0
DA:211,1
DA:217,0
DA:221,1
DA:222,1
DA:223,1
DA:248,1
DA:249,0
DA:256,1
DA:262,0
DA:266,1
DA:267,1
DA:268,1
DA:269,1
DA:270,1
DA:277,1
DA:278,1
DA:279,0
DA:286,1
DA:287,1
DA:296,0
DA:305,1
DA:306,0
DA:312,1
DA:317,1
DA:323,0
DA:327,1
DA:328,1
DA:329,1
DA:333,1
DA:334,0
DA:341,1
DA:347,0
DA:352,4
LF:70
LH:52
BRDA:32,0,0,0
BRDA:32,0,1,3
BRDA:45,1,0,0
BRDA:45,1,1,3
BRDA:66,2,0,0
BRDA:66,2,1,1
BRDA:75,3,0,0
BRDA:75,3,1,1
BRDA:84,4,0,0
BRDA:84,4,1,1
BRDA:94,5,0,1
BRDA:94,5,1,0
BRDA:99,6,0,1
BRDA:99,6,1,0
BRDA:112,7,0,0
BRDA:112,7,1,1
BRDA:204,8,0,0
BRDA:204,8,1,1
BRDA:248,9,0,0
BRDA:248,9,1,1
BRDA:278,10,0,0
BRDA:278,10,1,1
BRDA:286,11,0,1
BRDA:286,11,1,0
BRDA:305,12,0,0
BRDA:305,12,1,1
BRDA:333,13,0,0
BRDA:333,13,1,1
BRF:28
BRH:14
end_of_record
TN:
SF:controllers\materialController.js
FN:6,(anonymous_0)
FN:59,(anonymous_1)
FN:83,(anonymous_2)
FN:142,(anonymous_3)
FNF:4
FNH:4
FNDA:1,(anonymous_0)
FNDA:1,(anonymous_1)
FNDA:1,(anonymous_2)
FNDA:1,(anonymous_3)
DA:1,4
DA:2,4
DA:3,4
DA:5,4
DA:7,1
DA:8,1
DA:9,1
DA:10,1
DA:11,1
DA:16,1
DA:21,1
DA:22,0
DA:27,1
DA:32,1
DA:33,0
DA:38,1
DA:43,1
DA:44,0
DA:50,1
DA:56,0
DA:60,1
DA:61,1
DA:67,1
DA:68,0
DA:74,1
DA:80,0
DA:84,1
DA:85,1
DA:86,1
DA:87,1
DA:88,1
DA:93,1
DA:94,1
DA:95,0
DA:102,1
DA:103,1
DA:112,0
DA:121,1
DA:122,0
DA:128,1
DA:133,1
DA:139,0
DA:143,1
DA:144,1
DA:145,1
DA:150,1
DA:151,0
DA:157,1
DA:163,0
LF:49
LH:37
BRDA:21,0,0,0
BRDA:21,0,1,1
BRDA:32,1,0,0
BRDA:32,1,1,1
BRDA:43,2,0,0
BRDA:43,2,1,1
BRDA:67,3,0,0
BRDA:67,3,1,1
BRDA:94,4,0,0
BRDA:94,4,1,1
BRDA:102,5,0,1
BRDA:102,5,1,0
BRDA:121,6,0,0
BRDA:121,6,1,1
BRDA:150,7,0,0
BRDA:150,7,1,1
BRF:16
BRH:8
end_of_record
TN:
SF:controllers\studentController.js
FN:13,(anonymous_0)
FN:84,(anonymous_1)
FN:93,(anonymous_2)
FN:130,(anonymous_3)
FN:139,(anonymous_4)
FN:175,(anonymous_5)
FN:234,(anonymous_6)
FN:273,(anonymous_7)
FN:427,(anonymous_8)
FN:435,(anonymous_9)
FNF:10
FNH:0
FNDA:0,(anonymous_0)
FNDA:0,(anonymous_1)
FNDA:0,(anonymous_2)
FNDA:0,(anonymous_3)
FNDA:0,(anonymous_4)
FNDA:0,(anonymous_5)
FNDA:0,(anonymous_6)
FNDA:0,(anonymous_7)
FNDA:0,(anonymous_8)
FNDA:0,(anonymous_9)
DA:1,4
DA:2,4
DA:10,4
DA:12,4
DA:14,0
DA:15,0
DA:16,0
DA:17,0
DA:21,0
DA:25,0
DA:26,0
DA:32,0
DA:33,0
DA:39,0
DA:45,0
DA:46,0
DA:52,0
DA:57,0
DA:58,0
DA:64,0
DA:68,0
DA:69,0
DA:75,0
DA:81,0
DA:85,0
DA:86,0
DA:87,0
DA:93,0
DA:94,0
DA:121,0
DA:127,0
DA:131,0
DA:132,0
DA:133,0
DA:139,0
DA:140,0
DA:166,0
DA:172,0
DA:176,0
DA:177,0
DA:178,0
DA:179,0
DA:218,0
DA:219,0
DA:225,0
DA:231,0
DA:235,0
DA:236,0
DA:237,0
DA:257,0
DA:258,0
DA:264,0
DA:270,0
DA:274,0
DA:275,0
DA:276,0
DA:277,0
DA:282,0
DA:287,0
DA:288,0
DA:294,0
DA:295,0
DA:301,0
DA:307,0
DA:308,0
DA:314,0
DA:320,0
DA:321,0
DA:326,0
DA:327,0
DA:334,0
DA:341,0
DA:342,0
DA:349,0
DA:355,0
DA:356,0
DA:363,0
DA:372,0
DA:380,0
DA:381,0
DA:389,0
DA:390,0
DA:399,0
DA:400,0
DA:411,0
DA:412,0
DA:418,0
DA:424,0
DA:428,0
DA:429,0
DA:430,0
DA:435,0
DA:436,0
DA:490,0
DA:491,0
DA:497,0
DA:503,0
LF:97
LH:4
BRDA:25,0,0,0
BRDA:25,0,1,0
BRDA:32,1,0,0
BRDA:32,1,1,0
BRDA:45,2,0,0
BRDA:45,2,1,0
BRDA:57,3,0,0
BRDA:57,3,1,0
BRDA:68,4,0,0
BRDA:68,4,1,0
BRDA:218,5,0,0
BRDA:218,5,1,0
BRDA:257,6,0,0
BRDA:257,6,1,0
BRDA:287,7,0,0
BRDA:287,7,1,0
BRDA:294,8,0,0
BRDA:294,8,1,0
BRDA:307,9,0,0
BRDA:307,9,1,0
BRDA:320,10,0,0
BRDA:320,10,1,0
BRDA:326,11,0,0
BRDA:326,11,1,0
BRDA:341,12,0,0
BRDA:341,12,1,0
BRDA:355,13,0,0
BRDA:355,13,1,0
BRDA:380,14,0,0
BRDA:380,14,1,0
BRDA:389,15,0,0
BRDA:389,15,1,0
BRDA:399,16,0,0
BRDA:399,16,1,0
BRDA:411,17,0,0
BRDA:411,17,1,0
BRDA:490,18,0,0
BRDA:490,18,1,0
BRF:38
BRH:0
end_of_record
TN:
SF:controllers\teacherController.js
FN:16,(anonymous_0)
FN:78,(anonymous_1)
FN:129,(anonymous_2)
FN:231,(anonymous_3)
FNF:4
FNH:0
FNDA:0,(anonymous_0)
FNDA:0,(anonymous_1)
FNDA:0,(anonymous_2)
FNDA:0,(anonymous_3)
DA:1,4
DA:2,4
DA:11,4
DA:12,4
DA:13,4
DA:15,4
DA:17,0
DA:18,0
DA:19,0
DA:23,0
DA:27,0
DA:28,0
DA:34,0
DA:40,0
DA:41,0
DA:47,0
DA:56,0
DA:57,0
DA:63,0
DA:69,0
DA:75,0
DA:79,0
DA:80,0
DA:81,0
DA:113,0
DA:114,0
DA:120,0
DA:126,0
DA:130,0
DA:131,0
DA:133,0
DA:135,0
DA:136,0
DA:138,0
DA:139,0
DA:141,0
DA:142,0
DA:144,0
DA:148,0
DA:149,0
DA:157,0
DA:158,0
DA:163,0
DA:215,0
DA:216,0
DA:222,0
DA:228,0
DA:232,0
DA:233,0
DA:234,0
DA:235,0
DA:236,0
DA:242,0
DA:243,0
DA:249,0
DA:259,0
DA:265,0
DA:275,0
DA:281,0
LF:59
LH:6
BRDA:27,0,0,0
BRDA:27,0,1,0
BRDA:40,1,0,0
BRDA:40,1,1,0
BRDA:56,2,0,0
BRDA:56,2,1,0
BRDA:113,3,0,0
BRDA:113,3,1,0
BRDA:133,4,0,0
BRDA:133,4,1,0
BRDA:133,4,2,0
BRDA:133,4,3,0
BRDA:148,5,0,0
BRDA:148,5,1,0
BRDA:157,6,0,0
BRDA:157,6,1,0
BRDA:215,7,0,0
BRDA:215,7,1,0
BRDA:242,8,0,0
BRDA:242,8,1,0
BRF:20
BRH:0
end_of_record
TN:
SF:controllers\userController.js
FN:10,(anonymous_0)
FN:108,(anonymous_1)
FN:158,(anonymous_2)
FN:194,(anonymous_3)
FN:234,(anonymous_4)
FN:252,(anonymous_5)
FN:270,(anonymous_6)
FN:284,(anonymous_7)
FN:316,(anonymous_8)
FN:349,(anonymous_9)
FN:372,(anonymous_10)
FNF:11
FNH:6
FNDA:5,(anonymous_0)
FNDA:16,(anonymous_1)
FNDA:0,(anonymous_2)
FNDA:0,(anonymous_3)
FNDA:0,(anonymous_4)
FNDA:0,(anonymous_5)
FNDA:1,(anonymous_6)
FNDA:1,(anonymous_7)
FNDA:1,(anonymous_8)
FNDA:1,(anonymous_9)
FNDA:0,(anonymous_10)
DA:1,4
DA:2,4
DA:3,4
DA:4,4
DA:5,4
DA:6,4
DA:7,4
DA:9,4
DA:11,5
DA:12,5
DA:13,5
DA:14,2
DA:19,2
DA:20,1
DA:26,1
DA:27,1
DA:33,1
DA:41,1
DA:55,3
DA:56,2
DA:61,2
DA:62,1
DA:68,1
DA:69,1
DA:75,1
DA:83,1
DA:98,1
DA:105,0
DA:109,16
DA:110,16
DA:111,16
DA:116,16
DA:117,1
DA:123,15
DA:124,15
DA:125,1
DA:131,14
DA:140,14
DA:155,0
DA:159,0
DA:160,0
DA:161,0
DA:166,0
DA:167,0
DA:173,0
DA:178,0
DA:185,0
DA:191,0
DA:195,0
DA:196,0
DA:197,0
DA:203,0
DA:204,0
DA:210,0
DA:212,0
DA:216,0
DA:225,0
DA:231,0
DA:235,0
DA:236,0
DA:240,0
DA:241,0
DA:249,0
DA:253,0
DA:254,0
DA:258,0
DA:259,0
DA:267,0
DA:271,1
DA:272,1
DA:275,1
DA:281,0
DA:285,1
DA:286,1
DA:287,1
DA:294,1
DA:295,0
DA:301,1
DA:307,1
DA:313,0
DA:317,1
DA:318,1
DA:319,1
DA:325,1
DA:326,0
DA:332,1
DA:340,1
DA:346,0
DA:350,1
DA:351,1
DA:352,1
DA:353,1
DA:354,1
DA:363,1
DA:369,0
DA:373,0
DA:374,0
DA:375,0
DA:378,0
DA:379,0
DA:380,0
DA:385,0
DA:395,0
DA:401,0
LF:104
LH:58
BRDA:13,0,0,2
BRDA:13,0,1,3
BRDA:19,1,0,1
BRDA:19,1,1,1
BRDA:55,2,0,2
BRDA:55,2,1,1
BRDA:61,3,0,1
BRDA:61,3,1,1
BRDA:116,4,0,1
BRDA:116,4,1,15
BRDA:124,5,0,1
BRDA:124,5,1,14
BRDA:166,6,0,0
BRDA:166,6,1,0
BRDA:203,7,0,0
BRDA:203,7,1,0
BRDA:294,8,0,0
BRDA:294,8,1,1
BRDA:325,9,0,0
BRDA:325,9,1,1
BRDA:379,10,0,0
BRDA:379,10,1,0
BRF:22
BRH:14
end_of_record
TN:
SF:helpers\joi-schema.js
FNF:0
FNH:0
DA:1,4
DA:3,4
LF:2
LH:2
BRF:0
BRH:0
end_of_record
TN:
SF:helpers\passport.js
FN:16,(anonymous_0)
FN:35,(anonymous_1)
FNF:2
FNH:0
FNDA:0,(anonymous_0)
FNDA:0,(anonymous_1)
DA:1,4
DA:2,4
DA:3,4
DA:4,4
DA:5,4
DA:7,4
DA:17,0
DA:21,0
DA:26,4
DA:36,0
DA:37,0
DA:41,0
LF:12
LH:7
BRF:0
BRH:0
end_of_record
TN:
SF:middlewares\auth.js
FN:5,(anonymous_0)
FN:37,(anonymous_1)
FNF:2
FNH:2
FNDA:4,(anonymous_0)
FNDA:12,(anonymous_1)
DA:1,4
DA:2,4
DA:4,4
DA:6,4
DA:7,4
DA:8,4
DA:9,0
DA:14,4
DA:15,4
DA:16,4
DA:21,4
DA:22,0
DA:27,4
DA:32,4
DA:34,0
DA:38,12
DA:39,12
DA:40,12
DA:41,0
DA:47,12
DA:48,12
DA:50,12
DA:55,12
DA:56,0
DA:62,12
DA:63,0
DA:69,12
DA:74,12
DA:76,0
LF:29
LH:22
BRDA:8,0,0,0
BRDA:8,0,1,4
BRDA:21,1,0,0
BRDA:21,1,1,4
BRDA:40,2,0,0
BRDA:40,2,1,12
BRDA:55,3,0,0
BRDA:55,3,1,12
BRDA:62,4,0,0
BRDA:62,4,1,12
BRF:10
BRH:5
end_of_record
TN:
SF:middlewares\send-mail.js
FN:3,(anonymous_0)
FNF:1
FNH:0
FNDA:0,(anonymous_0)
DA:1,4
DA:3,4
DA:4,0
DA:5,0
DA:15,0
DA:22,0
DA:23,0
DA:25,0
LF:8
LH:2
BRF:0
BRH:0
end_of_record
TN:
SF:middlewares\upload-files.js
FN:6,(anonymous_0)
FN:9,(anonymous_1)
FN:18,(anonymous_2)
FN:25,(anonymous_3)
FN:32,(anonymous_4)
FN:49,(anonymous_5)
FN:50,(anonymous_6)
FNF:7
FNH:7
FNDA:28,(anonymous_0)
FNDA:7,(anonymous_1)
FNDA:4,(anonymous_2)
FNDA:2,(anonymous_3)
FNDA:1,(anonymous_4)
FNDA:10,(anonymous_5)
FNDA:10,(anonymous_6)
DA:1,4
DA:2,4
DA:3,4
DA:5,4
DA:7,28
DA:10,7
DA:18,28
DA:19,4
DA:20,0
DA:22,4
DA:25,28
DA:26,2
DA:27,0
DA:29,2
DA:32,28
DA:33,1
DA:34,0
DA:36,1
DA:39,28
DA:49,28
DA:50,10
DA:51,10
DA:52,0
DA:58,10
LF:24
LH:20
BRDA:19,0,0,0
BRDA:19,0,1,4
BRDA:26,1,0,0
BRDA:26,1,1,2
BRDA:33,2,0,0
BRDA:33,2,1,1
BRDA:42,3,0,12
BRDA:42,3,1,16
BRDA:44,4,0,8
BRDA:44,4,1,8
BRDA:51,5,0,0
BRDA:51,5,1,10
BRF:12
BRH:8
end_of_record
TN:
SF:middlewares\validator.js
FN:3,(anonymous_0)
FN:4,(anonymous_1)
FNF:2
FNH:2
FNDA:16,(anonymous_0)
FNDA:22,(anonymous_1)
DA:1,4
DA:3,4
DA:4,16
DA:5,22
DA:6,22
DA:7,22
DA:8,22
DA:9,0
DA:13,22
DA:15,0
LF:10
LH:8
BRDA:8,0,0,0
BRDA:8,0,1,22
BRF:2
BRH:1
end_of_record
TN:
SF:models\assessment.js
FN:5,(anonymous_0)
FN:12,(anonymous_1)
FNF:2
FNH:2
FNDA:4,(anonymous_0)
FNDA:4,(anonymous_1)
DA:4,4
DA:5,4
DA:16,4
DA:22,4
LF:4
LH:4
BRF:0
BRH:0
end_of_record
TN:
SF:models\category.js
FN:3,(anonymous_0)
FN:10,(anonymous_1)
FNF:2
FNH:2
FNDA:4,(anonymous_0)
FNDA:4,(anonymous_1)
DA:2,4
DA:3,4
DA:12,4
DA:18,4
DA:27,4
LF:5
LH:5
BRF:0
BRH:0
end_of_record
TN:
SF:models\content.js
FN:3,(anonymous_0)
FN:10,(anonymous_1)
FNF:2
FNH:2
FNDA:4,(anonymous_0)
FNDA:4,(anonymous_1)
DA:2,4
DA:3,4
DA:12,4
DA:16,4
DA:22,4
DA:34,4
LF:6
LH:6
BRF:0
BRH:0
end_of_record
TN:
SF:models\course.js
FN:3,(anonymous_0)
FN:10,(anonymous_1)
FNF:2
FNH:2
FNDA:4,(anonymous_0)
FNDA:4,(anonymous_1)
DA:2,4
DA:3,4
DA:12,4
DA:16,4
DA:20,4
DA:24,4
DA:28,4
DA:32,4
DA:38,4
DA:51,4
LF:10
LH:10
BRF:0
BRH:0
end_of_record
TN:
SF:models\forgotpassword.js
FN:3,(anonymous_0)
FN:10,(anonymous_1)
FNF:2
FNH:2
FNDA:4,(anonymous_0)
FNDA:4,(anonymous_1)
DA:2,4
DA:3,4
DA:14,4
DA:25,4
LF:4
LH:4
BRF:0
BRH:0
end_of_record
TN:
SF:models\index.js
FN:20,(anonymous_0)
FN:23,(anonymous_1)
FN:28,(anonymous_2)
FNF:3
FNH:3
FNDA:56,(anonymous_0)
FNDA:52,(anonymous_1)
FNDA:52,(anonymous_2)
DA:3,4
DA:4,4
DA:5,4
DA:6,4
DA:7,4
DA:8,4
DA:9,4
DA:12,4
DA:13,0
DA:15,4
DA:18,4
DA:21,56
DA:24,52
DA:25,52
DA:28,4
DA:29,52
DA:30,52
DA:34,4
DA:35,4
DA:37,4
LF:20
LH:19
BRDA:7,0,0,4
BRDA:7,0,1,0
BRDA:12,1,0,0
BRDA:12,1,1,4
BRDA:21,2,0,56
BRDA:21,2,1,56
BRDA:21,2,2,52
BRDA:29,3,0,52
BRDA:29,3,1,0
BRF:9
BRH:6
end_of_record
TN:
SF:models\invitation.js
FN:3,(anonymous_0)
FN:10,(anonymous_1)
FNF:2
FNH:2
FNDA:4,(anonymous_0)
FNDA:4,(anonymous_1)
DA:2,4
DA:3,4
DA:12,4
DA:16,4
DA:22,4
DA:34,4
LF:6
LH:6
BRF:0
BRH:0
end_of_record
TN:
SF:models\material.js
FN:3,(anonymous_0)
FN:10,(anonymous_1)
FNF:2
FNH:2
FNDA:4,(anonymous_0)
FNDA:4,(anonymous_1)
DA:2,4
DA:3,4
DA:12,4
DA:18,4
DA:29,4
LF:5
LH:5
BRF:0
BRH:0
end_of_record
TN:
SF:models\option.js
FN:5,(anonymous_0)
FN:12,(anonymous_1)
FNF:2
FNH:2
FNDA:4,(anonymous_0)
FNDA:4,(anonymous_1)
DA:4,4
DA:5,4
DA:16,4
DA:24,4
LF:4
LH:4
BRF:0
BRH:0
end_of_record
TN:
SF:models\question.js
FN:5,(anonymous_0)
FN:12,(anonymous_1)
FNF:2
FNH:2
FNDA:4,(anonymous_0)
FNDA:4,(anonymous_1)
DA:4,4
DA:5,4
DA:16,4
DA:24,4
LF:4
LH:4
BRF:0
BRH:0
end_of_record
TN:
SF:models\studentcontent.js
FN:3,(anonymous_0)
FN:10,(anonymous_1)
FNF:2
FNH:2
FNDA:4,(anonymous_0)
FNDA:4,(anonymous_1)
DA:2,4
DA:3,4
DA:12,4
DA:16,4
DA:20,4
DA:26,4
DA:37,4
LF:7
LH:7
BRF:0
BRH:0
end_of_record
TN:
SF:models\studentcourse.js
FN:3,(anonymous_0)
FN:10,(anonymous_1)
FNF:2
FNH:2
FNDA:4,(anonymous_0)
FNDA:4,(anonymous_1)
DA:2,4
DA:3,4
DA:12,4
DA:16,4
DA:22,4
DA:34,4
LF:6
LH:6
BRF:0
BRH:0
end_of_record
TN:
SF:models\studentquestion.js
FN:3,(anonymous_0)
FN:11,(anonymous_1)
FNF:2
FNH:2
FNDA:4,(anonymous_0)
FNDA:4,(anonymous_1)
DA:2,4
DA:3,4
DA:13,4
DA:17,4
DA:21,4
DA:27,4
DA:38,4
LF:7
LH:7
BRF:0
BRH:0
end_of_record
TN:
SF:models\user.js
FN:3,(anonymous_0)
FN:10,(anonymous_1)
FNF:2
FNH:2
FNDA:4,(anonymous_0)
FNDA:4,(anonymous_1)
DA:2,4
DA:3,4
DA:12,4
DA:16,4
DA:20,4
DA:24,4
DA:30,4
DA:43,4
LF:8
LH:8
BRF:0
BRH:0
end_of_record
TN:
SF:routes\content.js
FNF:0
FNH:0
DA:1,4
DA:2,4
DA:9,4
DA:10,4
DA:11,4
DA:13,4
DA:14,4
DA:15,4
DA:16,4
DA:17,4
DA:19,4
LF:11
LH:11
BRF:0
BRH:0
end_of_record
TN:
SF:routes\course.js
FNF:0
FNH:0
DA:1,4
DA:2,4
DA:9,4
DA:10,4
DA:11,4
DA:13,4
DA:14,4
DA:15,4
DA:16,4
DA:17,4
DA:19,4
LF:11
LH:11
BRF:0
BRH:0
end_of_record
TN:
SF:routes\index.js
FNF:0
FNH:0
DA:1,4
DA:2,4
DA:3,4
DA:4,4
DA:5,4
DA:6,4
DA:7,4
DA:8,4
DA:10,4
DA:11,4
DA:12,4
DA:13,4
DA:14,4
DA:15,4
DA:17,4
LF:15
LH:15
BRF:0
BRH:0
end_of_record
TN:
SF:routes\material.js
FNF:0
FNH:0
DA:1,4
DA:7,4
DA:8,4
DA:9,4
DA:10,4
DA:12,4
DA:13,4
DA:14,4
DA:15,4
DA:17,4
LF:10
LH:10
BRF:0
BRH:0
end_of_record
TN:
SF:routes\student.js
FNF:0
FNH:0
DA:1,4
DA:9,4
DA:10,4
DA:11,4
DA:13,4
DA:14,4
DA:15,4
DA:16,4
DA:17,4
DA:18,4
DA:20,4
LF:11
LH:11
BRF:0
BRH:0
end_of_record
TN:
SF:routes\teacher.js
FNF:0
FNH:0
DA:1,4
DA:7,4
DA:8,4
DA:9,4
DA:11,4
DA:12,4
DA:13,4
DA:14,4
DA:16,4
LF:9
LH:9
BRF:0
BRH:0
end_of_record
TN:
SF:routes\user.js
FNF:0
FNH:0
DA:1,4
DA:2,4
DA:16,4
DA:22,4
DA:23,4
DA:24,4
DA:26,4
DA:27,4
DA:28,4
DA:30,4
DA:31,4
DA:32,4
DA:33,4
DA:34,4
DA:35,4
DA:36,4
DA:37,4
DA:38,4
DA:40,4
DA:48,4
DA:57,4
DA:65,4
DA:74,4
LF:23
LH:23
BRF:0
BRH:0
end_of_record
TN:
SF:startup\config.js
FN:3,(anonymous_0)
FNF:1
FNH:1
FNDA:4,(anonymous_0)
DA:1,4
DA:3,4
DA:4,4
DA:5,4
DA:7,0
LF:5
LH:4
BRF:0
BRH:0
end_of_record
TN:
SF:startup\cors.js
FN:3,(anonymous_0)
FNF:1
FNH:1
FNDA:4,(anonymous_0)
DA:1,4
DA:3,4
DA:4,4
LF:3
LH:3
BRF:0
BRH:0
end_of_record
TN:
SF:startup\index.js
FN:1,(anonymous_0)
FNF:1
FNH:1
FNDA:4,(anonymous_0)
DA:1,4
DA:2,4
DA:3,4
DA:4,4
DA:5,4
DA:6,4
LF:6
LH:6
BRF:0
BRH:0
end_of_record
TN:
SF:startup\logger.js
FN:3,(anonymous_0)
FNF:1
FNH:1
FNDA:4,(anonymous_0)
DA:1,4
DA:3,4
DA:4,4
LF:3
LH:3
BRF:0
BRH:0
end_of_record
TN:
SF:startup\parser.js
FN:3,(anonymous_0)
FNF:1
FNH:1
FNDA:4,(anonymous_0)
DA:1,4
DA:3,4
DA:4,4
DA:5,4
LF:4
LH:4
BRF:0
BRH:0
end_of_record
TN:
SF:startup\routes.js
FN:3,(anonymous_0)
FNF:1
FNH:1
FNDA:4,(anonymous_0)
DA:1,4
DA:3,4
DA:4,4
LF:3
LH:3
BRF:0
BRH:0
end_of_record
TN:
SF:utils\errorHandler.js
FN:1,(anonymous_0)
FNF:1
FNH:0
FNDA:0,(anonymous_0)
DA:1,4
DA:2,0
LF:2
LH:1
BRF:0
BRH:0
end_of_record
TN:
SF:utils\sendMail.js
FN:3,(anonymous_0)
FNF:1
FNH:0
FNDA:0,(anonymous_0)
DA:1,4
DA:3,4
DA:4,0
DA:14,0
DA:21,0
DA:22,0
LF:6
LH:2
BRF:0
BRH:0
end_of_record
